20/10/2015 12:06:44 ***** System Start ***
20/10/2015 12:06:44[NORMAL ][TSE11-NB][MyApplication][StartUp][LoadINI][]
20/10/2015 12:06:46[NORMAL ][TSE11-NB][MyApplication][StartUp][LoadLogMaster][]
20/10/2015 12:06:46[NORMAL ][TSE11-NB][MyApplication][StartUp][LoadProcessMaster][]
20/10/2015 12:07:04[NORMAL ][TSE11-NB][clsImportFile][CheckNewFile][Start][]
20/10/2015 12:07:04[NORMAL ][TSE11-NB][clsImportFile][CheckNewFile][End][]
20/10/2015 12:07:06[NORMAL ][TSE11-NB][clsImportFile][CheckNewFile][Start][]
20/10/2015 12:07:06[NORMAL ][TSE11-NB][clsImportFile][CheckNewFile][End][]
20/10/2015 12:07:08[NORMAL ][TSE11-NB][clsImportFile][CheckNewFile][Start][]
20/10/2015 12:07:08[NORMAL ][TSE11-NB][clsImportFile][CheckNewFile][End][]
20/10/2015 12:07:10[NORMAL ][TSE11-NB][clsImportFile][CheckNewFile][Start][]
20/10/2015 12:07:10[NORMAL ][TSE11-NB][clsImportFile][CheckNewFile][End][]
20/10/2015 12:07:12[NORMAL ][TSE11-NB][clsImportFile][CheckNewFile][Start][]
20/10/2015 12:07:12[NORMAL ][TSE11-NB][clsImportFile][CheckNewFile][End][]
20/10/2015 12:07:14[NORMAL ][TSE11-NB][clsImportFile][CheckNewFile][Start][]
20/10/2015 12:07:14[NORMAL ][TSE11-NB][clsImportFile][CheckNewFile][End][]
20/10/2015 12:07:16[NORMAL ][TSE11-NB][clsImportFile][CheckNewFile][Start][]
20/10/2015 12:07:16[NORMAL ][TSE11-NB][clsImportFile][CheckNewFile][End][]
20/10/2015 12:07:18[NORMAL ][TSE11-NB][clsImportFile][CheckNewFile][Start][]
20/10/2015 12:07:18[NORMAL ][TSE11-NB][clsImportFile][CheckNewFile][End][]
20/10/2015 12:07:20[NORMAL ][TSE11-NB][clsImportFile][CheckNewFile][Start][]
20/10/2015 12:07:20[NORMAL ][TSE11-NB][clsImportFile][CheckNewFile][End][]
20/10/2015 12:07:22[NORMAL ][TSE11-NB][clsImportFile][CheckNewFile][Start][]
20/10/2015 12:07:22[NORMAL ][TSE11-NB][clsImportFile][CheckNewFile][End][]
20/10/2015 12:07:24[NORMAL ][TSE11-NB][clsImportFile][CheckNewFile][Start][]
20/10/2015 12:07:24[NORMAL ][TSE11-NB][clsImportFile][CheckNewFile][End][]
20/10/2015 12:07:26[NORMAL ][TSE11-NB][clsImportFile][CheckNewFile][Start][]
20/10/2015 12:07:26[NORMAL ][TSE11-NB][clsImportFile][CheckNewFile][End][]
20/10/2015 12:07:28[NORMAL ][TSE11-NB][clsImportFile][CheckNewFile][Start][]
20/10/2015 12:07:28[NORMAL ][TSE11-NB][clsImportFile][CheckNewFile][End][]
20/10/2015 12:07:30[NORMAL ][TSE11-NB][clsImportFile][CheckNewFile][Start][]
20/10/2015 12:07:30[NORMAL ][TSE11-NB][clsImportFile][CheckNewFile][End][]
20/10/2015 12:07:32[NORMAL ][TSE11-NB][clsImportFile][CheckNewFile][Start][]
20/10/2015 12:07:32[NORMAL ][TSE11-NB][clsImportFile][CheckNewFile][End][]
20/10/2015 12:07:34[NORMAL ][TSE11-NB][clsImportFile][CheckNewFile][Start][]
20/10/2015 12:07:34[NORMAL ][TSE11-NB][clsImportFile][CheckNewFile][End][]
20/10/2015 12:07:36[NORMAL ][TSE11-NB][clsImportFile][CheckNewFile][Start][]
20/10/2015 12:07:36[NORMAL ][TSE11-NB][clsImportFile][CheckNewFile][End][]
20/10/2015 12:07:38[NORMAL ][TSE11-NB][clsImportFile][CheckNewFile][Start][]
20/10/2015 12:07:38[NORMAL ][TSE11-NB][clsImportFile][CheckNewFile][End][]
20/10/2015 12:07:40[NORMAL ][TSE11-NB][clsImportFile][CheckNewFile][Start][]
20/10/2015 12:07:40[NORMAL ][TSE11-NB][clsImportFile][CheckNewFile][End][]
20/10/2015 12:07:42[NORMAL ][TSE11-NB][clsImportFile][CheckNewFile][Start][]
20/10/2015 12:07:42[NORMAL ][TSE11-NB][clsImportFile][CheckNewFile][End][]
20/10/2015 12:07:44[NORMAL ][TSE11-NB][clsImportFile][CheckNewFile][Start][]
20/10/2015 12:07:44[NORMAL ][TSE11-NB][clsImportFile][CheckNewFile][End][]
20/10/2015 12:07:46[NORMAL ][TSE11-NB][clsImportFile][CheckNewFile][Start][]
20/10/2015 12:07:46[NORMAL ][TSE11-NB][clsImportFile][CheckNewFile][End][]
20/10/2015 12:07:48[NORMAL ][TSE11-NB][clsImportFile][CheckNewFile][Start][]
20/10/2015 12:07:48[NORMAL ][TSE11-NB][clsImportFile][CheckNewFile][End][]
20/10/2015 12:07:50[NORMAL ][TSE11-NB][clsImportFile][CheckNewFile][Start][]
20/10/2015 12:07:50[NORMAL ][TSE11-NB][clsImportFile][CheckNewFile][End][]
20/10/2015 12:07:52[NORMAL ][TSE11-NB][clsImportFile][CheckNewFile][Start][]
20/10/2015 12:07:52[NORMAL ][TSE11-NB][clsImportFile][CheckNewFile][End][]
20/10/2015 12:07:54[NORMAL ][TSE11-NB][clsImportFile][CheckNewFile][Start][]
20/10/2015 12:07:54[NORMAL ][TSE11-NB][clsImportFile][CheckNewFile][End][]
20/10/2015 12:07:56[NORMAL ][TSE11-NB][clsImportFile][CheckNewFile][Start][]
20/10/2015 12:07:56[NORMAL ][TSE11-NB][clsImportFile][CheckNewFile][End][]
20/10/2015 12:07:58[NORMAL ][TSE11-NB][clsImportFile][CheckNewFile][Start][]
20/10/2015 12:07:58[NORMAL ][TSE11-NB][clsImportFile][CheckNewFile][End][]
20/10/2015 12:08:00[NORMAL ][TSE11-NB][clsImportFile][CheckNewFile][Start][]
20/10/2015 12:08:00[NORMAL ][TSE11-NB][clsImportFile][CheckNewFile][End][]
20/10/2015 12:08:02[NORMAL ][TSE11-NB][clsImportFile][CheckNewFile][Start][]
20/10/2015 12:08:02[NORMAL ][TSE11-NB][clsImportFile][CheckNewFile][End][]
20/10/2015 12:08:04[NORMAL ][TSE11-NB][clsImportFile][CheckNewFile][Start][]
20/10/2015 12:08:04[NORMAL ][TSE11-NB][clsImportFile][CheckNewFile][End][]
20/10/2015 12:08:06[NORMAL ][TSE11-NB][clsImportFile][CheckNewFile][Start][]
20/10/2015 12:08:06[NORMAL ][TSE11-NB][clsImportFile][CheckNewFile][End][]
20/10/2015 12:08:08[NORMAL ][TSE11-NB][clsImportFile][CheckNewFile][Start][]
20/10/2015 12:08:08[NORMAL ][TSE11-NB][clsImportFile][CheckNewFile][End][]
20/10/2015 12:08:10[NORMAL ][TSE11-NB][clsImportFile][CheckNewFile][Start][]
20/10/2015 12:08:10[NORMAL ][TSE11-NB][clsImportFile][CheckNewFile][End][]
20/10/2015 12:08:12[NORMAL ][TSE11-NB][clsImportFile][CheckNewFile][Start][]
20/10/2015 12:08:12[NORMAL ][TSE11-NB][clsImportFile][CheckNewFile][End][]
20/10/2015 12:08:14[NORMAL ][TSE11-NB][clsImportFile][CheckNewFile][Start][]
20/10/2015 12:08:14[NORMAL ][TSE11-NB][clsImportFile][CheckNewFile][End][]
20/10/2015 12:08:16[NORMAL ][TSE11-NB][clsImportFile][CheckNewFile][Start][]
20/10/2015 12:08:16[NORMAL ][TSE11-NB][clsImportFile][CheckNewFile][End][]
20/10/2015 12:08:18[NORMAL ][TSE11-NB][clsImportFile][CheckNewFile][Start][]
20/10/2015 12:08:18[NORMAL ][TSE11-NB][clsImportFile][CheckNewFile][End][]
20/10/2015 12:08:20[NORMAL ][TSE11-NB][clsImportFile][CheckNewFile][Start][]
20/10/2015 12:08:20[NORMAL ][TSE11-NB][clsImportFile][CheckNewFile][End][]
20/10/2015 12:08:22[NORMAL ][TSE11-NB][clsImportFile][CheckNewFile][Start][]
20/10/2015 12:08:22[NORMAL ][TSE11-NB][clsImportFile][CheckNewFile][End][]
20/10/2015 12:08:24[NORMAL ][TSE11-NB][clsImportFile][CheckNewFile][Start][]
20/10/2015 12:08:24[NORMAL ][TSE11-NB][clsImportFile][CheckNewFile][End][]
20/10/2015 12:08:26[NORMAL ][TSE11-NB][clsImportFile][CheckNewFile][Start][]
20/10/2015 12:08:26[NORMAL ][TSE11-NB][clsImportFile][CheckNewFile][End][]
20/10/2015 12:08:28[NORMAL ][TSE11-NB][clsImportFile][CheckNewFile][Start][]
20/10/2015 12:08:28[NORMAL ][TSE11-NB][clsImportFile][CheckNewFile][End][]
20/10/2015 12:08:30[NORMAL ][TSE11-NB][clsImportFile][CheckNewFile][Start][]
20/10/2015 12:08:30[NORMAL ][TSE11-NB][clsImportFile][CheckNewFile][End][]
20/10/2015 12:08:32[NORMAL ][TSE11-NB][clsImportFile][CheckNewFile][Start][]
20/10/2015 12:08:32[NORMAL ][TSE11-NB][clsImportFile][CheckNewFile][End][]
20/10/2015 12:08:34[NORMAL ][TSE11-NB][clsImportFile][CheckNewFile][Start][]
20/10/2015 12:08:34[NORMAL ][TSE11-NB][clsImportFile][CheckNewFile][End][]
20/10/2015 12:08:36[NORMAL ][TSE11-NB][clsImportFile][CheckNewFile][Start][]
20/10/2015 12:08:36[NORMAL ][TSE11-NB][clsImportFile][CheckNewFile][End][]
20/10/2015 12:08:38[NORMAL ][TSE11-NB][clsImportFile][CheckNewFile][Start][]
20/10/2015 12:08:38[NORMAL ][TSE11-NB][clsImportFile][CheckNewFile][End][]
20/10/2015 12:08:40[NORMAL ][TSE11-NB][clsImportFile][CheckNewFile][Start][]
20/10/2015 12:08:40[NORMAL ][TSE11-NB][clsImportFile][CheckNewFile][End][]
20/10/2015 12:08:42[NORMAL ][TSE11-NB][clsImportFile][CheckNewFile][Start][]
20/10/2015 12:08:42[NORMAL ][TSE11-NB][clsImportFile][CheckNewFile][End][]
20/10/2015 12:08:44[NORMAL ][TSE11-NB][clsImportFile][CheckNewFile][Start][]
20/10/2015 12:08:44[NORMAL ][TSE11-NB][clsImportFile][CheckNewFile][End][]
20/10/2015 12:08:46[NORMAL ][TSE11-NB][clsImportFile][CheckNewFile][Start][]
20/10/2015 12:08:46[NORMAL ][TSE11-NB][clsImportFile][CheckNewFile][End][]
20/10/2015 12:08:48[NORMAL ][TSE11-NB][clsImportFile][CheckNewFile][Start][]
20/10/2015 12:08:48[NORMAL ][TSE11-NB][clsImportFile][CheckNewFile][End][]
20/10/2015 12:08:50[NORMAL ][TSE11-NB][clsImportFile][CheckNewFile][Start][]
20/10/2015 12:08:50[NORMAL ][TSE11-NB][clsImportFile][CheckNewFile][End][]
20/10/2015 12:08:52[NORMAL ][TSE11-NB][clsImportFile][CheckNewFile][Start][]
20/10/2015 12:08:52[NORMAL ][TSE11-NB][clsImportFile][CheckNewFile][End][]
20/10/2015 12:08:54[NORMAL ][TSE11-NB][clsImportFile][CheckNewFile][Start][]
20/10/2015 12:08:54[NORMAL ][TSE11-NB][clsImportFile][CheckNewFile][End][]
20/10/2015 12:08:56[NORMAL ][TSE11-NB][clsImportFile][CheckNewFile][Start][]
20/10/2015 12:08:56[NORMAL ][TSE11-NB][clsImportFile][CheckNewFile][End][]
20/10/2015 12:08:58[NORMAL ][TSE11-NB][clsImportFile][CheckNewFile][Start][]
20/10/2015 12:08:58[NORMAL ][TSE11-NB][clsImportFile][CheckNewFile][End][]
20/10/2015 12:09:00[NORMAL ][TSE11-NB][clsImportFile][CheckNewFile][Start][]
20/10/2015 12:09:00[NORMAL ][TSE11-NB][clsImportFile][CheckNewFile][End][]
20/10/2015 12:09:02[NORMAL ][TSE11-NB][clsImportFile][CheckNewFile][Start][]
20/10/2015 12:09:02[NORMAL ][TSE11-NB][clsImportFile][CheckNewFile][End][]
20/10/2015 12:09:04[NORMAL ][TSE11-NB][clsImportFile][CheckNewFile][Start][]
20/10/2015 12:09:04[NORMAL ][TSE11-NB][clsImportFile][CheckNewFile][End][]
20/10/2015 12:09:06[NORMAL ][TSE11-NB][clsImportFile][CheckNewFile][Start][]
20/10/2015 12:09:06[NORMAL ][TSE11-NB][clsImportFile][CheckNewFile][End][]
20/10/2015 12:09:08[NORMAL ][TSE11-NB][clsImportFile][CheckNewFile][Start][]
20/10/2015 12:09:08[NORMAL ][TSE11-NB][clsImportFile][CheckNewFile][End][]
20/10/2015 12:09:10[NORMAL ][TSE11-NB][clsImportFile][CheckNewFile][Start][]
20/10/2015 12:09:10[NORMAL ][TSE11-NB][clsImportFile][CheckNewFile][End][]
20/10/2015 12:09:12[NORMAL ][TSE11-NB][clsImportFile][CheckNewFile][Start][]
20/10/2015 12:09:12[NORMAL ][TSE11-NB][clsImportFile][CheckNewFile][End][]
20/10/2015 12:09:14[NORMAL ][TSE11-NB][clsImportFile][CheckNewFile][Start][]
20/10/2015 12:09:14[NORMAL ][TSE11-NB][clsImportFile][CheckNewFile][End][]
20/10/2015 12:09:16[NORMAL ][TSE11-NB][clsImportFile][CheckNewFile][Start][]
20/10/2015 12:09:16[NORMAL ][TSE11-NB][clsImportFile][CheckNewFile][End][]
20/10/2015 12:09:18[NORMAL ][TSE11-NB][clsImportFile][CheckNewFile][Start][]
20/10/2015 12:09:18[NORMAL ][TSE11-NB][clsImportFile][CheckNewFile][End][]
20/10/2015 12:09:20[NORMAL ][TSE11-NB][clsImportFile][CheckNewFile][Start][]
20/10/2015 12:09:20[NORMAL ][TSE11-NB][clsImportFile][CheckNewFile][End][]
20/10/2015 12:09:22[NORMAL ][TSE11-NB][clsImportFile][CheckNewFile][Start][]
20/10/2015 12:09:22[NORMAL ][TSE11-NB][clsImportFile][CheckNewFile][End][]
20/10/2015 12:09:24[NORMAL ][TSE11-NB][clsImportFile][CheckNewFile][Start][]
20/10/2015 12:09:24[NORMAL ][TSE11-NB][clsImportFile][CheckNewFile][End][]
20/10/2015 12:09:26[NORMAL ][TSE11-NB][clsImportFile][CheckNewFile][Start][]
20/10/2015 12:09:26[NORMAL ][TSE11-NB][clsImportFile][CheckNewFile][End][]
20/10/2015 12:09:28[NORMAL ][TSE11-NB][clsImportFile][CheckNewFile][Start][]
20/10/2015 12:09:28[NORMAL ][TSE11-NB][clsImportFile][CheckNewFile][End][]
20/10/2015 12:09:30[NORMAL ][TSE11-NB][clsImportFile][CheckNewFile][Start][]
20/10/2015 12:09:30[NORMAL ][TSE11-NB][clsImportFile][CheckNewFile][End][]
20/10/2015 12:09:32[NORMAL ][TSE11-NB][clsImportFile][CheckNewFile][Start][]
20/10/2015 12:09:32[NORMAL ][TSE11-NB][clsImportFile][CheckNewFile][End][]
20/10/2015 12:09:34[NORMAL ][TSE11-NB][clsImportFile][CheckNewFile][Start][]
20/10/2015 12:09:34[NORMAL ][TSE11-NB][clsImportFile][CheckNewFile][End][]
20/10/2015 12:09:36[NORMAL ][TSE11-NB][clsImportFile][CheckNewFile][Start][]
20/10/2015 12:09:36[NORMAL ][TSE11-NB][clsImportFile][CheckNewFile][End][]
20/10/2015 12:09:38[NORMAL ][TSE11-NB][clsImportFile][CheckNewFile][Start][]
20/10/2015 12:09:38[NORMAL ][TSE11-NB][clsImportFile][CheckNewFile][End][]
20/10/2015 12:09:40[NORMAL ][TSE11-NB][clsImportFile][CheckNewFile][Start][]
20/10/2015 12:09:40[NORMAL ][TSE11-NB][clsImportFile][CheckNewFile][End][]
20/10/2015 12:09:42[NORMAL ][TSE11-NB][clsImportFile][CheckNewFile][Start][]
20/10/2015 12:09:42[NORMAL ][TSE11-NB][clsImportFile][CheckNewFile][End][]
20/10/2015 12:09:44[NORMAL ][TSE11-NB][clsImportFile][CheckNewFile][Start][]
20/10/2015 12:09:44[NORMAL ][TSE11-NB][clsImportFile][CheckNewFile][End][]
20/10/2015 12:09:46[NORMAL ][TSE11-NB][clsImportFile][CheckNewFile][Start][]
20/10/2015 12:09:46[NORMAL ][TSE11-NB][clsImportFile][CheckNewFile][End][]
20/10/2015 12:09:48[NORMAL ][TSE11-NB][clsImportFile][CheckNewFile][Start][]
20/10/2015 12:09:48[NORMAL ][TSE11-NB][clsImportFile][CheckNewFile][End][]
20/10/2015 12:09:50[NORMAL ][TSE11-NB][clsImportFile][CheckNewFile][Start][]
20/10/2015 12:09:50[NORMAL ][TSE11-NB][clsImportFile][CheckNewFile][End][]
20/10/2015 12:09:52[NORMAL ][TSE11-NB][clsImportFile][CheckNewFile][Start][]
20/10/2015 12:09:52[NORMAL ][TSE11-NB][clsImportFile][CheckNewFile][End][]
20/10/2015 12:09:54[NORMAL ][TSE11-NB][clsImportFile][CheckNewFile][Start][]
20/10/2015 12:09:54[NORMAL ][TSE11-NB][clsImportFile][CheckNewFile][End][]
20/10/2015 12:09:56[NORMAL ][TSE11-NB][clsImportFile][CheckNewFile][Start][]
20/10/2015 12:09:56[NORMAL ][TSE11-NB][clsImportFile][CheckNewFile][End][]
20/10/2015 12:09:58[NORMAL ][TSE11-NB][clsImportFile][CheckNewFile][Start][]
20/10/2015 12:09:58[NORMAL ][TSE11-NB][clsImportFile][CheckNewFile][End][]
20/10/2015 12:10:00[NORMAL ][TSE11-NB][clsImportFile][CheckNewFile][Start][]
20/10/2015 12:10:00[NORMAL ][TSE11-NB][clsImportFile][CheckNewFile][End][]
20/10/2015 12:10:02[NORMAL ][TSE11-NB][clsImportFile][CheckNewFile][Start][]
20/10/2015 12:10:02[NORMAL ][TSE11-NB][clsImportFile][CheckNewFile][End][]
20/10/2015 12:10:04[NORMAL ][TSE11-NB][clsImportFile][CheckNewFile][Start][]
20/10/2015 12:10:04[NORMAL ][TSE11-NB][clsImportFile][CheckNewFile][End][]
20/10/2015 12:10:06[NORMAL ][TSE11-NB][clsImportFile][CheckNewFile][Start][]
20/10/2015 12:10:06[NORMAL ][TSE11-NB][clsImportFile][CheckNewFile][End][]
20/10/2015 12:10:08[NORMAL ][TSE11-NB][clsImportFile][CheckNewFile][Start][]
20/10/2015 12:10:08[NORMAL ][TSE11-NB][clsImportFile][CheckNewFile][End][]
20/10/2015 12:10:10[NORMAL ][TSE11-NB][clsImportFile][CheckNewFile][Start][]
20/10/2015 12:10:10[NORMAL ][TSE11-NB][clsImportFile][CheckNewFile][End][]
20/10/2015 12:10:12[NORMAL ][TSE11-NB][clsImportFile][CheckNewFile][Start][]
20/10/2015 12:10:12[NORMAL ][TSE11-NB][clsImportFile][CheckNewFile][End][]
20/10/2015 12:10:14[NORMAL ][TSE11-NB][clsImportFile][CheckNewFile][Start][]
20/10/2015 12:10:14[NORMAL ][TSE11-NB][clsImportFile][CheckNewFile][End][]
20/10/2015 12:10:16[NORMAL ][TSE11-NB][clsImportFile][CheckNewFile][Start][]
20/10/2015 12:10:16[NORMAL ][TSE11-NB][clsImportFile][CheckNewFile][End][]
20/10/2015 12:10:18[NORMAL ][TSE11-NB][clsImportFile][CheckNewFile][Start][]
20/10/2015 12:10:18[NORMAL ][TSE11-NB][clsImportFile][CheckNewFile][End][]
20/10/2015 12:10:20[NORMAL ][TSE11-NB][clsImportFile][CheckNewFile][Start][]
20/10/2015 12:10:20[NORMAL ][TSE11-NB][clsImportFile][CheckNewFile][End][]
20/10/2015 12:10:22[NORMAL ][TSE11-NB][clsImportFile][CheckNewFile][Start][]
20/10/2015 12:10:22[NORMAL ][TSE11-NB][clsImportFile][CheckNewFile][End][]
20/10/2015 12:10:24[NORMAL ][TSE11-NB][clsImportFile][CheckNewFile][Start][]
20/10/2015 12:10:24[NORMAL ][TSE11-NB][clsImportFile][CheckNewFile][End][]
20/10/2015 12:10:26[NORMAL ][TSE11-NB][clsImportFile][CheckNewFile][Start][]
20/10/2015 12:10:26[NORMAL ][TSE11-NB][clsImportFile][CheckNewFile][End][]
20/10/2015 12:10:28[NORMAL ][TSE11-NB][clsImportFile][CheckNewFile][Start][]
20/10/2015 12:10:28[NORMAL ][TSE11-NB][clsImportFile][CheckNewFile][End][]
20/10/2015 12:10:30[NORMAL ][TSE11-NB][clsImportFile][CheckNewFile][Start][]
20/10/2015 12:10:30[NORMAL ][TSE11-NB][clsImportFile][CheckNewFile][End][]
20/10/2015 12:10:32[NORMAL ][TSE11-NB][clsImportFile][CheckNewFile][Start][]
20/10/2015 12:10:32[NORMAL ][TSE11-NB][clsImportFile][CheckNewFile][End][]
20/10/2015 12:10:34[NORMAL ][TSE11-NB][clsImportFile][CheckNewFile][Start][]
20/10/2015 12:10:34[NORMAL ][TSE11-NB][clsImportFile][CheckNewFile][End][]
20/10/2015 12:10:36[NORMAL ][TSE11-NB][clsImportFile][CheckNewFile][Start][]
20/10/2015 12:10:36[NORMAL ][TSE11-NB][clsImportFile][CheckNewFile][End][]
20/10/2015 12:10:38[NORMAL ][TSE11-NB][clsImportFile][CheckNewFile][Start][]
20/10/2015 12:10:38[NORMAL ][TSE11-NB][clsImportFile][CheckNewFile][End][]
20/10/2015 12:10:40[NORMAL ][TSE11-NB][clsImportFile][CheckNewFile][Start][]
20/10/2015 12:10:40[NORMAL ][TSE11-NB][clsImportFile][CheckNewFile][End][]
20/10/2015 12:10:42[NORMAL ][TSE11-NB][clsImportFile][CheckNewFile][Start][]
20/10/2015 12:10:42[NORMAL ][TSE11-NB][clsImportFile][CheckNewFile][End][]
20/10/2015 12:10:44[NORMAL ][TSE11-NB][clsImportFile][CheckNewFile][Start][]
20/10/2015 12:10:44[NORMAL ][TSE11-NB][clsImportFile][CheckNewFile][End][]
20/10/2015 12:10:46[NORMAL ][TSE11-NB][clsImportFile][CheckNewFile][Start][]
20/10/2015 12:10:46[NORMAL ][TSE11-NB][clsImportFile][CheckNewFile][End][]
20/10/2015 12:10:48[NORMAL ][TSE11-NB][clsImportFile][CheckNewFile][Start][]
20/10/2015 12:10:48[NORMAL ][TSE11-NB][clsImportFile][CheckNewFile][End][]
20/10/2015 12:10:50[NORMAL ][TSE11-NB][clsImportFile][CheckNewFile][Start][]
20/10/2015 12:10:50[NORMAL ][TSE11-NB][clsImportFile][CheckNewFile][End][]
20/10/2015 12:10:52[NORMAL ][TSE11-NB][clsImportFile][CheckNewFile][Start][]
20/10/2015 12:10:52[NORMAL ][TSE11-NB][clsImportFile][CheckNewFile][End][]
20/10/2015 12:10:54[NORMAL ][TSE11-NB][clsImportFile][CheckNewFile][Start][]
20/10/2015 12:10:54[NORMAL ][TSE11-NB][clsImportFile][CheckNewFile][End][]
20/10/2015 12:10:56[NORMAL ][TSE11-NB][clsImportFile][CheckNewFile][Start][]
20/10/2015 12:10:56[NORMAL ][TSE11-NB][clsImportFile][CheckNewFile][End][]
20/10/2015 12:10:58[NORMAL ][TSE11-NB][clsImportFile][CheckNewFile][Start][]
20/10/2015 12:10:58[NORMAL ][TSE11-NB][clsImportFile][CheckNewFile][End][]
20/10/2015 12:11:00[NORMAL ][TSE11-NB][clsImportFile][CheckNewFile][Start][]
20/10/2015 12:11:00[NORMAL ][TSE11-NB][clsImportFile][CheckNewFile][End][]
20/10/2015 12:11:02[NORMAL ][TSE11-NB][clsImportFile][CheckNewFile][Start][]
20/10/2015 12:11:02[NORMAL ][TSE11-NB][clsImportFile][CheckNewFile][End][]
20/10/2015 12:11:04[NORMAL ][TSE11-NB][clsImportFile][CheckNewFile][Start][]
20/10/2015 12:11:04[NORMAL ][TSE11-NB][clsImportFile][CheckNewFile][End][]
20/10/2015 12:11:06[NORMAL ][TSE11-NB][clsImportFile][CheckNewFile][Start][]
20/10/2015 12:11:06[NORMAL ][TSE11-NB][clsImportFile][CheckNewFile][End][]
20/10/2015 12:11:08[NORMAL ][TSE11-NB][clsImportFile][CheckNewFile][Start][]
20/10/2015 12:11:08[NORMAL ][TSE11-NB][clsImportFile][CheckNewFile][End][]
20/10/2015 12:11:10[NORMAL ][TSE11-NB][clsImportFile][CheckNewFile][Start][]
20/10/2015 12:11:10[NORMAL ][TSE11-NB][clsImportFile][CheckNewFile][End][]
20/10/2015 12:11:12[NORMAL ][TSE11-NB][clsImportFile][CheckNewFile][Start][]
20/10/2015 12:11:12[NORMAL ][TSE11-NB][clsImportFile][CheckNewFile][End][]
20/10/2015 12:11:14[NORMAL ][TSE11-NB][clsImportFile][CheckNewFile][Start][]
20/10/2015 12:11:14[NORMAL ][TSE11-NB][clsImportFile][CheckNewFile][End][]
20/10/2015 12:11:16[NORMAL ][TSE11-NB][clsImportFile][CheckNewFile][Start][]
20/10/2015 12:11:16[NORMAL ][TSE11-NB][clsImportFile][CheckNewFile][End][]
20/10/2015 12:11:18[NORMAL ][TSE11-NB][clsImportFile][CheckNewFile][Start][]
20/10/2015 12:11:18[NORMAL ][TSE11-NB][clsImportFile][CheckNewFile][End][]
20/10/2015 12:11:20[NORMAL ][TSE11-NB][clsImportFile][CheckNewFile][Start][]
20/10/2015 12:11:20[NORMAL ][TSE11-NB][clsImportFile][CheckNewFile][End][]
20/10/2015 12:11:22[NORMAL ][TSE11-NB][clsImportFile][CheckNewFile][Start][]
20/10/2015 12:11:22[NORMAL ][TSE11-NB][clsImportFile][CheckNewFile][End][]
20/10/2015 12:11:24[NORMAL ][TSE11-NB][clsImportFile][CheckNewFile][Start][]
20/10/2015 12:11:24[NORMAL ][TSE11-NB][clsImportFile][CheckNewFile][End][]
20/10/2015 12:11:26[NORMAL ][TSE11-NB][clsImportFile][CheckNewFile][Start][]
20/10/2015 12:11:26[NORMAL ][TSE11-NB][clsImportFile][CheckNewFile][End][]
20/10/2015 12:11:28[NORMAL ][TSE11-NB][clsImportFile][CheckNewFile][Start][]
20/10/2015 12:11:28[NORMAL ][TSE11-NB][clsImportFile][CheckNewFile][End][]
20/10/2015 12:11:30[NORMAL ][TSE11-NB][clsImportFile][CheckNewFile][Start][]
20/10/2015 12:11:30[NORMAL ][TSE11-NB][clsImportFile][CheckNewFile][End][]
20/10/2015 12:11:32[NORMAL ][TSE11-NB][clsImportFile][CheckNewFile][Start][]
20/10/2015 12:11:32[NORMAL ][TSE11-NB][clsImportFile][CheckNewFile][End][]
20/10/2015 12:11:34[NORMAL ][TSE11-NB][clsImportFile][CheckNewFile][Start][]
20/10/2015 12:11:34[NORMAL ][TSE11-NB][clsImportFile][CheckNewFile][End][]
20/10/2015 12:11:36[NORMAL ][TSE11-NB][clsImportFile][CheckNewFile][Start][]
20/10/2015 12:11:36[NORMAL ][TSE11-NB][clsImportFile][CheckNewFile][End][]
20/10/2015 12:11:38[NORMAL ][TSE11-NB][clsImportFile][CheckNewFile][Start][]
20/10/2015 12:11:38[NORMAL ][TSE11-NB][clsImportFile][CheckNewFile][End][]
20/10/2015 12:11:40[NORMAL ][TSE11-NB][clsImportFile][CheckNewFile][Start][]
20/10/2015 12:11:40[NORMAL ][TSE11-NB][clsImportFile][CheckNewFile][End][]
20/10/2015 12:11:42[NORMAL ][TSE11-NB][clsImportFile][CheckNewFile][Start][]
20/10/2015 12:11:42[NORMAL ][TSE11-NB][clsImportFile][CheckNewFile][End][]
20/10/2015 12:11:44[NORMAL ][TSE11-NB][clsImportFile][CheckNewFile][Start][]
20/10/2015 12:11:44[NORMAL ][TSE11-NB][clsImportFile][CheckNewFile][End][]
20/10/2015 12:11:46[NORMAL ][TSE11-NB][clsImportFile][CheckNewFile][Start][]
20/10/2015 12:11:46[NORMAL ][TSE11-NB][clsImportFile][CheckNewFile][End][]
20/10/2015 12:11:48[NORMAL ][TSE11-NB][clsImportFile][CheckNewFile][Start][]
20/10/2015 12:11:48[NORMAL ][TSE11-NB][clsImportFile][CheckNewFile][End][]
20/10/2015 12:11:50[NORMAL ][TSE11-NB][clsImportFile][CheckNewFile][Start][]
20/10/2015 12:11:50[NORMAL ][TSE11-NB][clsImportFile][CheckNewFile][End][]
20/10/2015 12:11:52[NORMAL ][TSE11-NB][clsImportFile][CheckNewFile][Start][]
20/10/2015 12:11:52[NORMAL ][TSE11-NB][clsImportFile][CheckNewFile][End][]
20/10/2015 12:11:54[NORMAL ][TSE11-NB][clsImportFile][CheckNewFile][Start][]
20/10/2015 12:11:54[NORMAL ][TSE11-NB][clsImportFile][CheckNewFile][End][]
20/10/2015 12:11:56[NORMAL ][TSE11-NB][clsImportFile][CheckNewFile][Start][]
20/10/2015 12:11:56[NORMAL ][TSE11-NB][clsImportFile][CheckNewFile][End][]
20/10/2015 12:11:58[NORMAL ][TSE11-NB][clsImportFile][CheckNewFile][Start][]
20/10/2015 12:11:58[NORMAL ][TSE11-NB][clsImportFile][CheckNewFile][End][]
20/10/2015 12:12:00[NORMAL ][TSE11-NB][clsImportFile][CheckNewFile][Start][]
20/10/2015 12:12:00[NORMAL ][TSE11-NB][clsImportFile][CheckNewFile][End][]
20/10/2015 12:12:02[NORMAL ][TSE11-NB][clsImportFile][CheckNewFile][Start][]
20/10/2015 12:12:02[NORMAL ][TSE11-NB][clsImportFile][CheckNewFile][End][]
20/10/2015 12:12:04[NORMAL ][TSE11-NB][clsImportFile][CheckNewFile][Start][]
20/10/2015 12:12:05[NORMAL ][TSE11-NB][clsImportFile][CheckNewFile][End][]
20/10/2015 12:12:07[NORMAL ][TSE11-NB][clsImportFile][CheckNewFile][Start][]
20/10/2015 12:12:07[NORMAL ][TSE11-NB][clsImportFile][CheckNewFile][End][]
20/10/2015 12:12:09[NORMAL ][TSE11-NB][clsImportFile][CheckNewFile][Start][]
20/10/2015 12:12:09[NORMAL ][TSE11-NB][clsImportFile][CheckNewFile][End][]
20/10/2015 12:12:11[NORMAL ][TSE11-NB][clsImportFile][CheckNewFile][Start][]
20/10/2015 12:12:11[NORMAL ][TSE11-NB][clsImportFile][CheckNewFile][End][]
20/10/2015 12:12:13[NORMAL ][TSE11-NB][clsImportFile][CheckNewFile][Start][]
20/10/2015 12:12:13[NORMAL ][TSE11-NB][clsImportFile][CheckNewFile][End][]
20/10/2015 12:12:15[NORMAL ][TSE11-NB][clsImportFile][CheckNewFile][Start][]
20/10/2015 12:12:15[NORMAL ][TSE11-NB][clsImportFile][CheckNewFile][End][]
20/10/2015 12:12:17[NORMAL ][TSE11-NB][clsImportFile][CheckNewFile][Start][]
20/10/2015 12:12:17[NORMAL ][TSE11-NB][clsImportFile][CheckNewFile][End][]
20/10/2015 12:12:19[NORMAL ][TSE11-NB][clsImportFile][CheckNewFile][Start][]
20/10/2015 12:12:19[NORMAL ][TSE11-NB][clsImportFile][CheckNewFile][End][]
20/10/2015 12:12:21[NORMAL ][TSE11-NB][clsImportFile][CheckNewFile][Start][]
20/10/2015 12:12:21[NORMAL ][TSE11-NB][clsImportFile][CheckNewFile][End][]
20/10/2015 12:12:23[NORMAL ][TSE11-NB][clsImportFile][CheckNewFile][Start][]
20/10/2015 12:12:23[NORMAL ][TSE11-NB][clsImportFile][CheckNewFile][End][]
20/10/2015 12:12:25[NORMAL ][TSE11-NB][clsImportFile][CheckNewFile][Start][]
20/10/2015 12:12:25[NORMAL ][TSE11-NB][clsImportFile][CheckNewFile][End][]
20/10/2015 12:12:27[NORMAL ][TSE11-NB][clsImportFile][CheckNewFile][Start][]
20/10/2015 12:12:27[NORMAL ][TSE11-NB][clsImportFile][CheckNewFile][End][]
20/10/2015 12:12:29[NORMAL ][TSE11-NB][clsImportFile][CheckNewFile][Start][]
20/10/2015 12:12:29[NORMAL ][TSE11-NB][clsImportFile][CheckNewFile][End][]
20/10/2015 12:12:31[NORMAL ][TSE11-NB][clsImportFile][CheckNewFile][Start][]
20/10/2015 12:12:31[NORMAL ][TSE11-NB][clsImportFile][CheckNewFile][End][]
20/10/2015 12:12:33[NORMAL ][TSE11-NB][clsImportFile][CheckNewFile][Start][]
20/10/2015 12:12:33[NORMAL ][TSE11-NB][clsImportFile][CheckNewFile][End][]
20/10/2015 12:12:35[NORMAL ][TSE11-NB][clsImportFile][CheckNewFile][Start][]
20/10/2015 12:12:35[NORMAL ][TSE11-NB][clsImportFile][CheckNewFile][End][]
20/10/2015 12:12:37[NORMAL ][TSE11-NB][clsImportFile][CheckNewFile][Start][]
20/10/2015 12:12:37[NORMAL ][TSE11-NB][clsImportFile][CheckNewFile][End][]
20/10/2015 12:12:39[NORMAL ][TSE11-NB][clsImportFile][CheckNewFile][Start][]
20/10/2015 12:12:39[NORMAL ][TSE11-NB][clsImportFile][CheckNewFile][End][]
20/10/2015 12:12:41[NORMAL ][TSE11-NB][clsImportFile][CheckNewFile][Start][]
20/10/2015 12:12:41[NORMAL ][TSE11-NB][clsImportFile][CheckNewFile][End][]
20/10/2015 12:12:43[NORMAL ][TSE11-NB][clsImportFile][CheckNewFile][Start][]
20/10/2015 12:12:43[NORMAL ][TSE11-NB][clsImportFile][CheckNewFile][End][]
20/10/2015 12:12:45[NORMAL ][TSE11-NB][clsImportFile][CheckNewFile][Start][]
20/10/2015 12:12:45[NORMAL ][TSE11-NB][clsImportFile][CheckNewFile][End][]
20/10/2015 12:12:47[NORMAL ][TSE11-NB][clsImportFile][CheckNewFile][Start][]
20/10/2015 12:12:47[NORMAL ][TSE11-NB][clsImportFile][CheckNewFile][End][]
20/10/2015 12:12:49[NORMAL ][TSE11-NB][clsImportFile][CheckNewFile][Start][]
20/10/2015 12:12:49[NORMAL ][TSE11-NB][clsImportFile][CheckNewFile][End][]
20/10/2015 12:12:51[NORMAL ][TSE11-NB][clsImportFile][CheckNewFile][Start][]
20/10/2015 12:12:51[NORMAL ][TSE11-NB][clsImportFile][CheckNewFile][End][]
20/10/2015 12:12:53[NORMAL ][TSE11-NB][clsImportFile][CheckNewFile][Start][]
20/10/2015 12:12:53[NORMAL ][TSE11-NB][clsImportFile][CheckNewFile][End][]
20/10/2015 12:12:55[NORMAL ][TSE11-NB][clsImportFile][CheckNewFile][Start][]
20/10/2015 12:12:55[NORMAL ][TSE11-NB][clsImportFile][CheckNewFile][End][]
20/10/2015 12:12:57[NORMAL ][TSE11-NB][clsImportFile][CheckNewFile][Start][]
20/10/2015 12:12:57[NORMAL ][TSE11-NB][clsImportFile][CheckNewFile][End][]
20/10/2015 12:12:59[NORMAL ][TSE11-NB][clsImportFile][CheckNewFile][Start][]
20/10/2015 12:12:59[NORMAL ][TSE11-NB][clsImportFile][CheckNewFile][End][]
20/10/2015 12:13:01[NORMAL ][TSE11-NB][clsImportFile][CheckNewFile][Start][]
20/10/2015 12:13:01[NORMAL ][TSE11-NB][clsImportFile][CheckNewFile][End][]
20/10/2015 12:13:03[NORMAL ][TSE11-NB][clsImportFile][CheckNewFile][Start][]
20/10/2015 12:13:03[NORMAL ][TSE11-NB][clsImportFile][CheckNewFile][End][]
20/10/2015 12:13:05[NORMAL ][TSE11-NB][clsImportFile][CheckNewFile][Start][]
20/10/2015 12:13:05[NORMAL ][TSE11-NB][clsImportFile][CheckNewFile][End][]
20/10/2015 12:13:07[NORMAL ][TSE11-NB][clsImportFile][CheckNewFile][Start][]
20/10/2015 12:13:07[NORMAL ][TSE11-NB][clsImportFile][CheckNewFile][End][]
20/10/2015 12:13:09[NORMAL ][TSE11-NB][clsImportFile][CheckNewFile][Start][]
20/10/2015 12:13:09[NORMAL ][TSE11-NB][clsImportFile][CheckNewFile][End][]
20/10/2015 12:13:11[NORMAL ][TSE11-NB][clsImportFile][CheckNewFile][Start][]
20/10/2015 12:13:11[NORMAL ][TSE11-NB][clsImportFile][CheckNewFile][End][]
20/10/2015 12:13:13[NORMAL ][TSE11-NB][clsImportFile][CheckNewFile][Start][]
20/10/2015 12:13:13[NORMAL ][TSE11-NB][clsImportFile][CheckNewFile][End][]
20/10/2015 12:13:15[NORMAL ][TSE11-NB][clsImportFile][CheckNewFile][Start][]
20/10/2015 12:13:15[NORMAL ][TSE11-NB][clsImportFile][CheckNewFile][End][]
20/10/2015 12:13:17[NORMAL ][TSE11-NB][clsImportFile][CheckNewFile][Start][]
20/10/2015 12:13:17[NORMAL ][TSE11-NB][clsImportFile][CheckNewFile][End][]
20/10/2015 12:13:19[NORMAL ][TSE11-NB][clsImportFile][CheckNewFile][Start][]
20/10/2015 12:13:19[NORMAL ][TSE11-NB][clsImportFile][CheckNewFile][End][]
20/10/2015 12:13:21[NORMAL ][TSE11-NB][clsImportFile][CheckNewFile][Start][]
20/10/2015 12:13:21[NORMAL ][TSE11-NB][clsImportFile][CheckNewFile][End][]
20/10/2015 12:13:23[NORMAL ][TSE11-NB][clsImportFile][CheckNewFile][Start][]
20/10/2015 12:13:23[NORMAL ][TSE11-NB][clsImportFile][CheckNewFile][End][]
20/10/2015 12:13:25[NORMAL ][TSE11-NB][clsImportFile][CheckNewFile][Start][]
20/10/2015 12:13:25[NORMAL ][TSE11-NB][clsImportFile][CheckNewFile][End][]
20/10/2015 12:13:27[NORMAL ][TSE11-NB][clsImportFile][CheckNewFile][Start][]
20/10/2015 12:13:27[NORMAL ][TSE11-NB][clsImportFile][CheckNewFile][End][]
20/10/2015 12:13:29[NORMAL ][TSE11-NB][clsImportFile][CheckNewFile][Start][]
20/10/2015 12:13:29[NORMAL ][TSE11-NB][clsImportFile][CheckNewFile][End][]
20/10/2015 12:13:31[NORMAL ][TSE11-NB][clsImportFile][CheckNewFile][Start][]
20/10/2015 12:13:31[NORMAL ][TSE11-NB][clsImportFile][CheckNewFile][End][]
20/10/2015 12:13:33[NORMAL ][TSE11-NB][clsImportFile][CheckNewFile][Start][]
20/10/2015 12:13:33[NORMAL ][TSE11-NB][clsImportFile][CheckNewFile][End][]
20/10/2015 12:13:35[NORMAL ][TSE11-NB][clsImportFile][CheckNewFile][Start][]
20/10/2015 12:13:35[NORMAL ][TSE11-NB][clsImportFile][CheckNewFile][End][]
20/10/2015 12:13:37[NORMAL ][TSE11-NB][clsImportFile][CheckNewFile][Start][]
20/10/2015 12:13:37[NORMAL ][TSE11-NB][clsImportFile][CheckNewFile][End][]
20/10/2015 12:13:39[NORMAL ][TSE11-NB][clsImportFile][CheckNewFile][Start][]
20/10/2015 12:13:39[NORMAL ][TSE11-NB][clsImportFile][CheckNewFile][End][]
20/10/2015 12:13:41[NORMAL ][TSE11-NB][clsImportFile][CheckNewFile][Start][]
20/10/2015 12:13:41[NORMAL ][TSE11-NB][clsImportFile][CheckNewFile][End][]
20/10/2015 12:13:43[NORMAL ][TSE11-NB][clsImportFile][CheckNewFile][Start][]
20/10/2015 12:13:43[NORMAL ][TSE11-NB][clsImportFile][CheckNewFile][End][]
20/10/2015 12:13:45[NORMAL ][TSE11-NB][clsImportFile][CheckNewFile][Start][]
20/10/2015 12:13:45[NORMAL ][TSE11-NB][clsImportFile][CheckNewFile][End][]
20/10/2015 12:13:47[NORMAL ][TSE11-NB][clsImportFile][CheckNewFile][Start][]
20/10/2015 12:13:47[NORMAL ][TSE11-NB][clsImportFile][CheckNewFile][End][]
20/10/2015 12:13:49[NORMAL ][TSE11-NB][clsImportFile][CheckNewFile][Start][]
20/10/2015 12:13:49[NORMAL ][TSE11-NB][clsImportFile][CheckNewFile][End][]
20/10/2015 12:13:51[NORMAL ][TSE11-NB][clsImportFile][CheckNewFile][Start][]
20/10/2015 12:13:51[NORMAL ][TSE11-NB][clsImportFile][CheckNewFile][End][]
20/10/2015 12:13:53[NORMAL ][TSE11-NB][clsImportFile][CheckNewFile][Start][]
20/10/2015 12:13:53[NORMAL ][TSE11-NB][clsImportFile][CheckNewFile][End][]
20/10/2015 12:13:55[NORMAL ][TSE11-NB][clsImportFile][CheckNewFile][Start][]
20/10/2015 12:13:55[NORMAL ][TSE11-NB][clsImportFile][CheckNewFile][End][]
20/10/2015 12:13:57[NORMAL ][TSE11-NB][clsImportFile][CheckNewFile][Start][]
20/10/2015 12:13:57[NORMAL ][TSE11-NB][clsImportFile][CheckNewFile][End][]
20/10/2015 12:13:59[NORMAL ][TSE11-NB][clsImportFile][CheckNewFile][Start][]
20/10/2015 12:13:59[NORMAL ][TSE11-NB][clsImportFile][CheckNewFile][End][]
20/10/2015 12:14:01[NORMAL ][TSE11-NB][clsImportFile][CheckNewFile][Start][]
20/10/2015 12:14:01[NORMAL ][TSE11-NB][clsImportFile][CheckNewFile][End][]
20/10/2015 12:14:03[NORMAL ][TSE11-NB][clsImportFile][CheckNewFile][Start][]
20/10/2015 12:14:03[NORMAL ][TSE11-NB][clsImportFile][CheckNewFile][End][]
20/10/2015 12:14:05[NORMAL ][TSE11-NB][clsImportFile][CheckNewFile][Start][]
20/10/2015 12:14:05[NORMAL ][TSE11-NB][clsImportFile][CheckNewFile][End][]
20/10/2015 12:14:07[NORMAL ][TSE11-NB][clsImportFile][CheckNewFile][Start][]
20/10/2015 12:14:07[NORMAL ][TSE11-NB][clsImportFile][CheckNewFile][End][]
20/10/2015 12:14:09[NORMAL ][TSE11-NB][clsImportFile][CheckNewFile][Start][]
20/10/2015 12:14:09[NORMAL ][TSE11-NB][clsImportFile][CheckNewFile][End][]
20/10/2015 12:14:11[NORMAL ][TSE11-NB][clsImportFile][CheckNewFile][Start][]
20/10/2015 12:14:11[NORMAL ][TSE11-NB][clsImportFile][CheckNewFile][End][]
20/10/2015 12:14:13[NORMAL ][TSE11-NB][clsImportFile][CheckNewFile][Start][]
20/10/2015 12:14:13[NORMAL ][TSE11-NB][clsImportFile][CheckNewFile][End][]
20/10/2015 12:14:15[NORMAL ][TSE11-NB][clsImportFile][CheckNewFile][Start][]
20/10/2015 12:14:15[NORMAL ][TSE11-NB][clsImportFile][CheckNewFile][End][]
20/10/2015 12:14:17[NORMAL ][TSE11-NB][clsImportFile][CheckNewFile][Start][]
20/10/2015 12:14:17[NORMAL ][TSE11-NB][clsImportFile][CheckNewFile][End][]
20/10/2015 12:14:19[NORMAL ][TSE11-NB][clsImportFile][CheckNewFile][Start][]
20/10/2015 12:14:19[NORMAL ][TSE11-NB][clsImportFile][CheckNewFile][End][]
20/10/2015 12:14:21[NORMAL ][TSE11-NB][clsImportFile][CheckNewFile][Start][]
20/10/2015 12:14:21[NORMAL ][TSE11-NB][clsImportFile][CheckNewFile][End][]
20/10/2015 12:14:23[NORMAL ][TSE11-NB][clsImportFile][CheckNewFile][Start][]
20/10/2015 12:14:23[NORMAL ][TSE11-NB][clsImportFile][CheckNewFile][End][]
20/10/2015 12:14:25[NORMAL ][TSE11-NB][clsImportFile][CheckNewFile][Start][]
20/10/2015 12:14:25[NORMAL ][TSE11-NB][clsImportFile][CheckNewFile][End][]
20/10/2015 12:14:27[NORMAL ][TSE11-NB][clsImportFile][CheckNewFile][Start][]
20/10/2015 12:14:27[NORMAL ][TSE11-NB][clsImportFile][CheckNewFile][End][]
20/10/2015 12:14:29[NORMAL ][TSE11-NB][clsImportFile][CheckNewFile][Start][]
20/10/2015 12:14:29[NORMAL ][TSE11-NB][clsImportFile][CheckNewFile][End][]
20/10/2015 12:14:31[NORMAL ][TSE11-NB][clsImportFile][CheckNewFile][Start][]
20/10/2015 12:14:31[NORMAL ][TSE11-NB][clsImportFile][CheckNewFile][End][]
20/10/2015 12:14:33[NORMAL ][TSE11-NB][clsImportFile][CheckNewFile][Start][]
20/10/2015 12:14:33[NORMAL ][TSE11-NB][clsImportFile][CheckNewFile][End][]
20/10/2015 12:14:35[NORMAL ][TSE11-NB][clsImportFile][CheckNewFile][Start][]
20/10/2015 12:14:35[NORMAL ][TSE11-NB][clsImportFile][CheckNewFile][End][]
20/10/2015 12:14:37[NORMAL ][TSE11-NB][clsImportFile][CheckNewFile][Start][]
20/10/2015 12:14:37[NORMAL ][TSE11-NB][clsImportFile][CheckNewFile][End][]
20/10/2015 12:14:39[NORMAL ][TSE11-NB][clsImportFile][CheckNewFile][Start][]
20/10/2015 12:14:39[NORMAL ][TSE11-NB][clsImportFile][CheckNewFile][End][]
20/10/2015 12:14:41[NORMAL ][TSE11-NB][clsImportFile][CheckNewFile][Start][]
20/10/2015 12:14:41[NORMAL ][TSE11-NB][clsImportFile][CheckNewFile][End][]
20/10/2015 12:14:43[NORMAL ][TSE11-NB][clsImportFile][CheckNewFile][Start][]
20/10/2015 12:14:43[NORMAL ][TSE11-NB][clsImportFile][CheckNewFile][End][]
20/10/2015 12:14:45[NORMAL ][TSE11-NB][clsImportFile][CheckNewFile][Start][]
20/10/2015 12:14:45[NORMAL ][TSE11-NB][clsImportFile][CheckNewFile][End][]
20/10/2015 12:14:47[NORMAL ][TSE11-NB][clsImportFile][CheckNewFile][Start][]
20/10/2015 12:14:47[NORMAL ][TSE11-NB][clsImportFile][CheckNewFile][End][]
20/10/2015 12:14:49[NORMAL ][TSE11-NB][clsImportFile][CheckNewFile][Start][]
20/10/2015 12:14:49[NORMAL ][TSE11-NB][clsImportFile][CheckNewFile][End][]
20/10/2015 12:14:51[NORMAL ][TSE11-NB][clsImportFile][CheckNewFile][Start][]
20/10/2015 12:14:51[NORMAL ][TSE11-NB][clsImportFile][CheckNewFile][End][]
20/10/2015 12:14:53[NORMAL ][TSE11-NB][clsImportFile][CheckNewFile][Start][]
20/10/2015 12:14:53[NORMAL ][TSE11-NB][clsImportFile][CheckNewFile][End][]
20/10/2015 12:14:55[NORMAL ][TSE11-NB][clsImportFile][CheckNewFile][Start][]
20/10/2015 12:14:55[NORMAL ][TSE11-NB][clsImportFile][CheckNewFile][End][]
20/10/2015 12:14:57[NORMAL ][TSE11-NB][clsImportFile][CheckNewFile][Start][]
20/10/2015 12:14:57[NORMAL ][TSE11-NB][clsImportFile][CheckNewFile][End][]
20/10/2015 12:14:59[NORMAL ][TSE11-NB][clsImportFile][CheckNewFile][Start][]
20/10/2015 12:14:59[NORMAL ][TSE11-NB][clsImportFile][CheckNewFile][End][]
20/10/2015 12:15:01[NORMAL ][TSE11-NB][clsImportFile][CheckNewFile][Start][]
20/10/2015 12:15:01[NORMAL ][TSE11-NB][clsImportFile][CheckNewFile][End][]
20/10/2015 12:15:03[NORMAL ][TSE11-NB][clsImportFile][CheckNewFile][Start][]
20/10/2015 12:15:03[NORMAL ][TSE11-NB][clsImportFile][CheckNewFile][End][]
20/10/2015 12:15:05[NORMAL ][TSE11-NB][clsImportFile][CheckNewFile][Start][]
20/10/2015 12:15:05[NORMAL ][TSE11-NB][clsImportFile][CheckNewFile][End][]
20/10/2015 12:15:07[NORMAL ][TSE11-NB][clsImportFile][CheckNewFile][Start][]
20/10/2015 12:15:07[NORMAL ][TSE11-NB][clsImportFile][CheckNewFile][End][]
20/10/2015 12:15:09[NORMAL ][TSE11-NB][clsImportFile][CheckNewFile][Start][]
20/10/2015 12:15:09[NORMAL ][TSE11-NB][clsImportFile][CheckNewFile][End][]
20/10/2015 12:15:11[NORMAL ][TSE11-NB][clsImportFile][CheckNewFile][Start][]
20/10/2015 12:15:11[NORMAL ][TSE11-NB][clsImportFile][CheckNewFile][End][]
20/10/2015 12:15:13[NORMAL ][TSE11-NB][clsImportFile][CheckNewFile][Start][]
20/10/2015 12:15:13[NORMAL ][TSE11-NB][clsImportFile][CheckNewFile][End][]
20/10/2015 12:15:15[NORMAL ][TSE11-NB][clsImportFile][CheckNewFile][Start][]
20/10/2015 12:15:15[NORMAL ][TSE11-NB][clsImportFile][CheckNewFile][End][]
20/10/2015 12:15:17[NORMAL ][TSE11-NB][clsImportFile][CheckNewFile][Start][]
20/10/2015 12:15:17[NORMAL ][TSE11-NB][clsImportFile][CheckNewFile][End][]
20/10/2015 12:15:19[NORMAL ][TSE11-NB][clsImportFile][CheckNewFile][Start][]
20/10/2015 12:15:19[NORMAL ][TSE11-NB][clsImportFile][CheckNewFile][End][]
20/10/2015 12:15:21[NORMAL ][TSE11-NB][clsImportFile][CheckNewFile][Start][]
20/10/2015 12:15:21[NORMAL ][TSE11-NB][clsImportFile][CheckNewFile][End][]
20/10/2015 12:15:23[NORMAL ][TSE11-NB][clsImportFile][CheckNewFile][Start][]
20/10/2015 12:15:23[NORMAL ][TSE11-NB][clsImportFile][CheckNewFile][End][]
20/10/2015 12:15:25[NORMAL ][TSE11-NB][clsImportFile][CheckNewFile][Start][]
20/10/2015 12:15:25[NORMAL ][TSE11-NB][clsImportFile][CheckNewFile][End][]
20/10/2015 12:15:27[NORMAL ][TSE11-NB][clsImportFile][CheckNewFile][Start][]
20/10/2015 12:15:27[NORMAL ][TSE11-NB][clsImportFile][CheckNewFile][End][]
20/10/2015 12:15:29[NORMAL ][TSE11-NB][clsImportFile][CheckNewFile][Start][]
20/10/2015 12:15:29[NORMAL ][TSE11-NB][clsImportFile][CheckNewFile][End][]
20/10/2015 12:15:31[NORMAL ][TSE11-NB][clsImportFile][CheckNewFile][Start][]
20/10/2015 12:15:31[NORMAL ][TSE11-NB][clsImportFile][CheckNewFile][End][]
20/10/2015 12:15:33[NORMAL ][TSE11-NB][clsImportFile][CheckNewFile][Start][]
20/10/2015 12:15:33[NORMAL ][TSE11-NB][clsImportFile][CheckNewFile][End][]
20/10/2015 12:15:35[NORMAL ][TSE11-NB][clsImportFile][CheckNewFile][Start][]
20/10/2015 12:15:35[NORMAL ][TSE11-NB][clsImportFile][CheckNewFile][End][]
20/10/2015 12:15:37[NORMAL ][TSE11-NB][clsImportFile][CheckNewFile][Start][]
20/10/2015 12:15:37[NORMAL ][TSE11-NB][clsImportFile][CheckNewFile][End][]
20/10/2015 12:15:39[NORMAL ][TSE11-NB][clsImportFile][CheckNewFile][Start][]
20/10/2015 12:15:39[NORMAL ][TSE11-NB][clsImportFile][CheckNewFile][End][]
20/10/2015 12:15:41[NORMAL ][TSE11-NB][clsImportFile][CheckNewFile][Start][]
20/10/2015 12:15:41[NORMAL ][TSE11-NB][clsImportFile][CheckNewFile][End][]
20/10/2015 12:15:43[NORMAL ][TSE11-NB][clsImportFile][CheckNewFile][Start][]
20/10/2015 12:15:43[NORMAL ][TSE11-NB][clsImportFile][CheckNewFile][End][]
20/10/2015 12:15:45[NORMAL ][TSE11-NB][clsImportFile][CheckNewFile][Start][]
20/10/2015 12:15:45[NORMAL ][TSE11-NB][clsImportFile][CheckNewFile][End][]
20/10/2015 12:15:47[NORMAL ][TSE11-NB][clsImportFile][CheckNewFile][Start][]
20/10/2015 12:15:47[NORMAL ][TSE11-NB][clsImportFile][CheckNewFile][End][]
20/10/2015 12:15:49[NORMAL ][TSE11-NB][clsImportFile][CheckNewFile][Start][]
20/10/2015 12:15:49[NORMAL ][TSE11-NB][clsImportFile][CheckNewFile][End][]
20/10/2015 12:15:51[NORMAL ][TSE11-NB][clsImportFile][CheckNewFile][Start][]
20/10/2015 12:15:51[NORMAL ][TSE11-NB][clsImportFile][CheckNewFile][End][]
20/10/2015 12:15:53[NORMAL ][TSE11-NB][clsImportFile][CheckNewFile][Start][]
20/10/2015 12:15:53[NORMAL ][TSE11-NB][clsImportFile][CheckNewFile][End][]
20/10/2015 12:15:55[NORMAL ][TSE11-NB][clsImportFile][CheckNewFile][Start][]
20/10/2015 12:15:55[NORMAL ][TSE11-NB][clsImportFile][CheckNewFile][End][]
20/10/2015 12:15:57[NORMAL ][TSE11-NB][clsImportFile][CheckNewFile][Start][]
20/10/2015 12:15:57[NORMAL ][TSE11-NB][clsImportFile][CheckNewFile][End][]
20/10/2015 12:15:59[NORMAL ][TSE11-NB][clsImportFile][CheckNewFile][Start][]
20/10/2015 12:15:59[NORMAL ][TSE11-NB][clsImportFile][CheckNewFile][End][]
20/10/2015 12:16:01[NORMAL ][TSE11-NB][clsImportFile][CheckNewFile][Start][]
20/10/2015 12:16:01[NORMAL ][TSE11-NB][clsImportFile][CheckNewFile][End][]
20/10/2015 12:16:03[NORMAL ][TSE11-NB][clsImportFile][CheckNewFile][Start][]
20/10/2015 12:16:03[NORMAL ][TSE11-NB][clsImportFile][CheckNewFile][End][]
20/10/2015 12:16:05[NORMAL ][TSE11-NB][clsImportFile][CheckNewFile][Start][]
20/10/2015 12:16:05[NORMAL ][TSE11-NB][clsImportFile][CheckNewFile][End][]
20/10/2015 12:16:07[NORMAL ][TSE11-NB][clsImportFile][CheckNewFile][Start][]
20/10/2015 12:16:07[NORMAL ][TSE11-NB][clsImportFile][CheckNewFile][End][]
20/10/2015 12:16:09[NORMAL ][TSE11-NB][clsImportFile][CheckNewFile][Start][]
20/10/2015 12:16:09[NORMAL ][TSE11-NB][clsImportFile][CheckNewFile][End][]
20/10/2015 12:16:11[NORMAL ][TSE11-NB][clsImportFile][CheckNewFile][Start][]
20/10/2015 12:16:11[NORMAL ][TSE11-NB][clsImportFile][CheckNewFile][End][]
20/10/2015 12:16:13[NORMAL ][TSE11-NB][clsImportFile][CheckNewFile][Start][]
20/10/2015 12:16:13[NORMAL ][TSE11-NB][clsImportFile][CheckNewFile][End][]
20/10/2015 12:16:15[NORMAL ][TSE11-NB][clsImportFile][CheckNewFile][Start][]
20/10/2015 12:16:15[NORMAL ][TSE11-NB][clsImportFile][CheckNewFile][End][]
20/10/2015 12:16:17[NORMAL ][TSE11-NB][clsImportFile][CheckNewFile][Start][]
20/10/2015 12:16:17[NORMAL ][TSE11-NB][clsImportFile][CheckNewFile][End][]
20/10/2015 12:16:19[NORMAL ][TSE11-NB][clsImportFile][CheckNewFile][Start][]
20/10/2015 12:16:19[NORMAL ][TSE11-NB][clsImportFile][CheckNewFile][End][]
20/10/2015 12:16:21[NORMAL ][TSE11-NB][clsImportFile][CheckNewFile][Start][]
20/10/2015 12:16:21[NORMAL ][TSE11-NB][clsImportFile][CheckNewFile][End][]
20/10/2015 12:16:23[NORMAL ][TSE11-NB][clsImportFile][CheckNewFile][Start][]
20/10/2015 12:16:23[NORMAL ][TSE11-NB][clsImportFile][CheckNewFile][End][]
20/10/2015 12:16:25[NORMAL ][TSE11-NB][clsImportFile][CheckNewFile][Start][]
20/10/2015 12:16:25[NORMAL ][TSE11-NB][clsImportFile][CheckNewFile][End][]
20/10/2015 12:16:27[NORMAL ][TSE11-NB][clsImportFile][CheckNewFile][Start][]
20/10/2015 12:16:27[NORMAL ][TSE11-NB][clsImportFile][CheckNewFile][End][]
20/10/2015 12:16:29[NORMAL ][TSE11-NB][clsImportFile][CheckNewFile][Start][]
20/10/2015 12:16:29[NORMAL ][TSE11-NB][clsImportFile][CheckNewFile][End][]
20/10/2015 12:16:31[NORMAL ][TSE11-NB][clsImportFile][CheckNewFile][Start][]
20/10/2015 12:16:31[NORMAL ][TSE11-NB][clsImportFile][CheckNewFile][End][]
20/10/2015 12:16:33[NORMAL ][TSE11-NB][clsImportFile][CheckNewFile][Start][]
20/10/2015 12:16:33[NORMAL ][TSE11-NB][clsImportFile][CheckNewFile][End][]
20/10/2015 12:16:35[NORMAL ][TSE11-NB][clsImportFile][CheckNewFile][Start][]
20/10/2015 12:16:35[NORMAL ][TSE11-NB][clsImportFile][CheckNewFile][End][]
20/10/2015 12:16:37[NORMAL ][TSE11-NB][clsImportFile][CheckNewFile][Start][]
20/10/2015 12:16:37[NORMAL ][TSE11-NB][clsImportFile][CheckNewFile][End][]
20/10/2015 12:16:39[NORMAL ][TSE11-NB][clsImportFile][CheckNewFile][Start][]
20/10/2015 12:16:39[NORMAL ][TSE11-NB][clsImportFile][CheckNewFile][End][]
20/10/2015 12:16:41[NORMAL ][TSE11-NB][clsImportFile][CheckNewFile][Start][]
20/10/2015 12:16:41[NORMAL ][TSE11-NB][clsImportFile][CheckNewFile][End][]
20/10/2015 12:16:43[NORMAL ][TSE11-NB][clsImportFile][CheckNewFile][Start][]
20/10/2015 12:16:43[NORMAL ][TSE11-NB][clsImportFile][CheckNewFile][End][]
20/10/2015 12:16:45[NORMAL ][TSE11-NB][clsImportFile][CheckNewFile][Start][]
20/10/2015 12:16:45[NORMAL ][TSE11-NB][clsImportFile][CheckNewFile][End][]
20/10/2015 12:16:47[NORMAL ][TSE11-NB][clsImportFile][CheckNewFile][Start][]
20/10/2015 12:16:47[NORMAL ][TSE11-NB][clsImportFile][CheckNewFile][End][]
20/10/2015 12:16:49[NORMAL ][TSE11-NB][clsImportFile][CheckNewFile][Start][]
20/10/2015 12:16:49[NORMAL ][TSE11-NB][clsImportFile][CheckNewFile][End][]
20/10/2015 12:16:51[NORMAL ][TSE11-NB][clsImportFile][CheckNewFile][Start][]
20/10/2015 12:16:51[NORMAL ][TSE11-NB][clsImportFile][CheckNewFile][End][]
20/10/2015 12:16:53[NORMAL ][TSE11-NB][clsImportFile][CheckNewFile][Start][]
20/10/2015 12:16:53[NORMAL ][TSE11-NB][clsImportFile][CheckNewFile][End][]
20/10/2015 12:16:55[NORMAL ][TSE11-NB][clsImportFile][CheckNewFile][Start][]
20/10/2015 12:16:55[NORMAL ][TSE11-NB][clsImportFile][CheckNewFile][End][]
20/10/2015 12:16:57[NORMAL ][TSE11-NB][clsImportFile][CheckNewFile][Start][]
20/10/2015 12:16:57[NORMAL ][TSE11-NB][clsImportFile][CheckNewFile][End][]
20/10/2015 12:16:59[NORMAL ][TSE11-NB][clsImportFile][CheckNewFile][Start][]
20/10/2015 12:16:59[NORMAL ][TSE11-NB][clsImportFile][CheckNewFile][End][]
20/10/2015 12:17:01[NORMAL ][TSE11-NB][clsImportFile][CheckNewFile][Start][]
20/10/2015 12:17:01[NORMAL ][TSE11-NB][clsImportFile][CheckNewFile][End][]
20/10/2015 12:17:03[NORMAL ][TSE11-NB][clsImportFile][CheckNewFile][Start][]
20/10/2015 12:17:03[NORMAL ][TSE11-NB][clsImportFile][CheckNewFile][End][]
20/10/2015 12:17:05[NORMAL ][TSE11-NB][clsImportFile][CheckNewFile][Start][]
20/10/2015 12:17:05[NORMAL ][TSE11-NB][clsImportFile][CheckNewFile][End][]
20/10/2015 12:17:07[NORMAL ][TSE11-NB][clsImportFile][CheckNewFile][Start][]
20/10/2015 12:17:07[NORMAL ][TSE11-NB][clsImportFile][CheckNewFile][End][]
20/10/2015 12:17:09[NORMAL ][TSE11-NB][clsImportFile][CheckNewFile][Start][]
20/10/2015 12:17:09[NORMAL ][TSE11-NB][clsImportFile][CheckNewFile][End][]
20/10/2015 12:17:11[NORMAL ][TSE11-NB][clsImportFile][CheckNewFile][Start][]
20/10/2015 12:17:11[NORMAL ][TSE11-NB][clsImportFile][CheckNewFile][End][]
20/10/2015 12:17:13[NORMAL ][TSE11-NB][clsImportFile][CheckNewFile][Start][]
20/10/2015 12:17:13[NORMAL ][TSE11-NB][clsImportFile][CheckNewFile][End][]
20/10/2015 12:17:15[NORMAL ][TSE11-NB][clsImportFile][CheckNewFile][Start][]
20/10/2015 12:17:15[NORMAL ][TSE11-NB][clsImportFile][CheckNewFile][End][]
20/10/2015 12:17:17[NORMAL ][TSE11-NB][clsImportFile][CheckNewFile][Start][]
20/10/2015 12:17:17[NORMAL ][TSE11-NB][clsImportFile][CheckNewFile][End][]
20/10/2015 12:17:19[NORMAL ][TSE11-NB][clsImportFile][CheckNewFile][Start][]
20/10/2015 12:17:19[NORMAL ][TSE11-NB][clsImportFile][CheckNewFile][End][]
20/10/2015 12:17:21[NORMAL ][TSE11-NB][clsImportFile][CheckNewFile][Start][]
20/10/2015 12:17:21[NORMAL ][TSE11-NB][clsImportFile][CheckNewFile][End][]
20/10/2015 12:17:23[NORMAL ][TSE11-NB][clsImportFile][CheckNewFile][Start][]
20/10/2015 12:17:23[NORMAL ][TSE11-NB][clsImportFile][CheckNewFile][End][]
20/10/2015 12:17:25[NORMAL ][TSE11-NB][clsImportFile][CheckNewFile][Start][]
20/10/2015 12:17:25[NORMAL ][TSE11-NB][clsImportFile][CheckNewFile][End][]
20/10/2015 12:17:27[NORMAL ][TSE11-NB][clsImportFile][CheckNewFile][Start][]
20/10/2015 12:17:27[NORMAL ][TSE11-NB][clsImportFile][CheckNewFile][End][]
20/10/2015 12:17:29[NORMAL ][TSE11-NB][clsImportFile][CheckNewFile][Start][]
20/10/2015 12:17:29[NORMAL ][TSE11-NB][clsImportFile][CheckNewFile][End][]
20/10/2015 12:17:31[NORMAL ][TSE11-NB][clsImportFile][CheckNewFile][Start][]
20/10/2015 12:17:31[NORMAL ][TSE11-NB][clsImportFile][CheckNewFile][End][]
20/10/2015 12:17:33[NORMAL ][TSE11-NB][clsImportFile][CheckNewFile][Start][]
20/10/2015 12:17:33[NORMAL ][TSE11-NB][clsImportFile][CheckNewFile][End][]
20/10/2015 12:17:35[NORMAL ][TSE11-NB][clsImportFile][CheckNewFile][Start][]
20/10/2015 12:17:35[NORMAL ][TSE11-NB][clsImportFile][CheckNewFile][End][]
20/10/2015 12:17:37[NORMAL ][TSE11-NB][clsImportFile][CheckNewFile][Start][]
20/10/2015 12:17:37[NORMAL ][TSE11-NB][clsImportFile][CheckNewFile][End][]
20/10/2015 12:17:39[NORMAL ][TSE11-NB][clsImportFile][CheckNewFile][Start][]
20/10/2015 12:17:39[NORMAL ][TSE11-NB][clsImportFile][CheckNewFile][End][]
20/10/2015 12:17:41[NORMAL ][TSE11-NB][clsImportFile][CheckNewFile][Start][]
20/10/2015 12:17:41[NORMAL ][TSE11-NB][clsImportFile][CheckNewFile][End][]
20/10/2015 12:17:43[NORMAL ][TSE11-NB][clsImportFile][CheckNewFile][Start][]
20/10/2015 12:17:43[NORMAL ][TSE11-NB][clsImportFile][CheckNewFile][End][]
20/10/2015 12:17:45[NORMAL ][TSE11-NB][clsImportFile][CheckNewFile][Start][]
20/10/2015 12:17:45[NORMAL ][TSE11-NB][clsImportFile][CheckNewFile][End][]
20/10/2015 12:17:47[NORMAL ][TSE11-NB][clsImportFile][CheckNewFile][Start][]
20/10/2015 12:17:47[NORMAL ][TSE11-NB][clsImportFile][CheckNewFile][End][]
20/10/2015 12:17:49[NORMAL ][TSE11-NB][clsImportFile][CheckNewFile][Start][]
20/10/2015 12:17:49[NORMAL ][TSE11-NB][clsImportFile][CheckNewFile][End][]
20/10/2015 12:17:51[NORMAL ][TSE11-NB][clsImportFile][CheckNewFile][Start][]
20/10/2015 12:17:51[NORMAL ][TSE11-NB][clsImportFile][CheckNewFile][End][]
20/10/2015 12:17:53[NORMAL ][TSE11-NB][clsImportFile][CheckNewFile][Start][]
20/10/2015 12:17:53[NORMAL ][TSE11-NB][clsImportFile][CheckNewFile][End][]
20/10/2015 12:17:55[NORMAL ][TSE11-NB][clsImportFile][CheckNewFile][Start][]
20/10/2015 12:17:55[NORMAL ][TSE11-NB][clsImportFile][CheckNewFile][End][]
20/10/2015 12:17:57[NORMAL ][TSE11-NB][clsImportFile][CheckNewFile][Start][]
20/10/2015 12:17:57[NORMAL ][TSE11-NB][clsImportFile][CheckNewFile][End][]
20/10/2015 12:17:59[NORMAL ][TSE11-NB][clsImportFile][CheckNewFile][Start][]
20/10/2015 12:17:59[NORMAL ][TSE11-NB][clsImportFile][CheckNewFile][End][]
20/10/2015 12:18:01[NORMAL ][TSE11-NB][clsImportFile][CheckNewFile][Start][]
20/10/2015 12:18:01[NORMAL ][TSE11-NB][clsImportFile][CheckNewFile][End][]
20/10/2015 12:18:03[NORMAL ][TSE11-NB][clsImportFile][CheckNewFile][Start][]
20/10/2015 12:18:03[NORMAL ][TSE11-NB][clsImportFile][CheckNewFile][End][]
20/10/2015 12:18:05[NORMAL ][TSE11-NB][clsImportFile][CheckNewFile][Start][]
20/10/2015 12:18:05[NORMAL ][TSE11-NB][clsImportFile][CheckNewFile][End][]
20/10/2015 12:18:07[NORMAL ][TSE11-NB][clsImportFile][CheckNewFile][Start][]
20/10/2015 12:18:07[NORMAL ][TSE11-NB][clsImportFile][CheckNewFile][End][]
20/10/2015 12:18:09[NORMAL ][TSE11-NB][clsImportFile][CheckNewFile][Start][]
20/10/2015 12:18:09[NORMAL ][TSE11-NB][clsImportFile][CheckNewFile][End][]
20/10/2015 12:18:11[NORMAL ][TSE11-NB][clsImportFile][CheckNewFile][Start][]
20/10/2015 12:18:11[NORMAL ][TSE11-NB][clsImportFile][CheckNewFile][End][]
20/10/2015 12:18:13[NORMAL ][TSE11-NB][clsImportFile][CheckNewFile][Start][]
20/10/2015 12:18:13[NORMAL ][TSE11-NB][clsImportFile][CheckNewFile][End][]
20/10/2015 12:18:15[NORMAL ][TSE11-NB][clsImportFile][CheckNewFile][Start][]
20/10/2015 12:18:15[NORMAL ][TSE11-NB][clsImportFile][CheckNewFile][End][]
20/10/2015 12:18:17[NORMAL ][TSE11-NB][clsImportFile][CheckNewFile][Start][]
20/10/2015 12:18:17[NORMAL ][TSE11-NB][clsImportFile][CheckNewFile][End][]
20/10/2015 12:18:19[NORMAL ][TSE11-NB][clsImportFile][CheckNewFile][Start][]
20/10/2015 12:18:19[NORMAL ][TSE11-NB][clsImportFile][CheckNewFile][End][]
20/10/2015 12:18:21[NORMAL ][TSE11-NB][clsImportFile][CheckNewFile][Start][]
20/10/2015 12:18:21[NORMAL ][TSE11-NB][clsImportFile][CheckNewFile][End][]
20/10/2015 12:18:23[NORMAL ][TSE11-NB][clsImportFile][CheckNewFile][Start][]
20/10/2015 12:18:23[NORMAL ][TSE11-NB][clsImportFile][CheckNewFile][End][]
20/10/2015 12:18:25[NORMAL ][TSE11-NB][clsImportFile][CheckNewFile][Start][]
20/10/2015 12:18:25[NORMAL ][TSE11-NB][clsImportFile][CheckNewFile][End][]
20/10/2015 12:18:27[NORMAL ][TSE11-NB][clsImportFile][CheckNewFile][Start][]
20/10/2015 12:18:27[NORMAL ][TSE11-NB][clsImportFile][CheckNewFile][End][]
20/10/2015 12:18:29[NORMAL ][TSE11-NB][clsImportFile][CheckNewFile][Start][]
20/10/2015 12:18:29[NORMAL ][TSE11-NB][clsImportFile][CheckNewFile][End][]
20/10/2015 12:18:31[NORMAL ][TSE11-NB][clsImportFile][CheckNewFile][Start][]
20/10/2015 12:18:31[NORMAL ][TSE11-NB][clsImportFile][CheckNewFile][End][]
20/10/2015 12:18:33[NORMAL ][TSE11-NB][clsImportFile][CheckNewFile][Start][]
20/10/2015 12:18:33[NORMAL ][TSE11-NB][clsImportFile][CheckNewFile][End][]
20/10/2015 12:18:35[NORMAL ][TSE11-NB][clsImportFile][CheckNewFile][Start][]
20/10/2015 12:18:35[NORMAL ][TSE11-NB][clsImportFile][CheckNewFile][End][]
20/10/2015 12:18:37[NORMAL ][TSE11-NB][clsImportFile][CheckNewFile][Start][]
20/10/2015 12:18:37[NORMAL ][TSE11-NB][clsImportFile][CheckNewFile][End][]
20/10/2015 12:18:39[NORMAL ][TSE11-NB][clsImportFile][CheckNewFile][Start][]
20/10/2015 12:18:39[NORMAL ][TSE11-NB][clsImportFile][CheckNewFile][End][]
20/10/2015 12:18:41[NORMAL ][TSE11-NB][clsImportFile][CheckNewFile][Start][]
20/10/2015 12:18:41[NORMAL ][TSE11-NB][clsImportFile][CheckNewFile][End][]
20/10/2015 12:18:43[NORMAL ][TSE11-NB][clsImportFile][CheckNewFile][Start][]
20/10/2015 12:18:43[NORMAL ][TSE11-NB][clsImportFile][CheckNewFile][End][]
20/10/2015 12:18:45[NORMAL ][TSE11-NB][clsImportFile][CheckNewFile][Start][]
20/10/2015 12:18:45[NORMAL ][TSE11-NB][clsImportFile][CheckNewFile][End][]
20/10/2015 12:18:47[NORMAL ][TSE11-NB][clsImportFile][CheckNewFile][Start][]
20/10/2015 12:18:47[NORMAL ][TSE11-NB][clsImportFile][CheckNewFile][End][]
20/10/2015 12:18:49[NORMAL ][TSE11-NB][clsImportFile][CheckNewFile][Start][]
20/10/2015 12:18:49[NORMAL ][TSE11-NB][clsImportFile][CheckNewFile][End][]
20/10/2015 12:18:51[NORMAL ][TSE11-NB][clsImportFile][CheckNewFile][Start][]
20/10/2015 12:18:51[NORMAL ][TSE11-NB][clsImportFile][CheckNewFile][End][]
20/10/2015 12:18:53[NORMAL ][TSE11-NB][clsImportFile][CheckNewFile][Start][]
20/10/2015 12:18:53[NORMAL ][TSE11-NB][clsImportFile][CheckNewFile][End][]
20/10/2015 12:18:55[NORMAL ][TSE11-NB][clsImportFile][CheckNewFile][Start][]
20/10/2015 12:18:55[NORMAL ][TSE11-NB][clsImportFile][CheckNewFile][End][]
20/10/2015 12:18:57[NORMAL ][TSE11-NB][clsImportFile][CheckNewFile][Start][]
20/10/2015 12:18:57[NORMAL ][TSE11-NB][clsImportFile][CheckNewFile][End][]
20/10/2015 12:18:59[NORMAL ][TSE11-NB][clsImportFile][CheckNewFile][Start][]
20/10/2015 12:18:59[NORMAL ][TSE11-NB][clsImportFile][CheckNewFile][End][]
20/10/2015 12:19:01[NORMAL ][TSE11-NB][clsImportFile][CheckNewFile][Start][]
20/10/2015 12:19:01[NORMAL ][TSE11-NB][clsImportFile][CheckNewFile][End][]
20/10/2015 12:19:03[NORMAL ][TSE11-NB][clsImportFile][CheckNewFile][Start][]
20/10/2015 12:19:03[NORMAL ][TSE11-NB][clsImportFile][CheckNewFile][End][]
20/10/2015 12:19:05[NORMAL ][TSE11-NB][clsImportFile][CheckNewFile][Start][]
20/10/2015 12:19:05[NORMAL ][TSE11-NB][clsImportFile][CheckNewFile][End][]
20/10/2015 12:19:07[NORMAL ][TSE11-NB][clsImportFile][CheckNewFile][Start][]
20/10/2015 12:19:07[NORMAL ][TSE11-NB][clsImportFile][CheckNewFile][End][]
20/10/2015 12:19:09[NORMAL ][TSE11-NB][clsImportFile][CheckNewFile][Start][]
20/10/2015 12:19:09[NORMAL ][TSE11-NB][clsImportFile][CheckNewFile][End][]
20/10/2015 12:19:11[NORMAL ][TSE11-NB][clsImportFile][CheckNewFile][Start][]
20/10/2015 12:19:11[NORMAL ][TSE11-NB][clsImportFile][CheckNewFile][End][]
20/10/2015 12:19:13[NORMAL ][TSE11-NB][clsImportFile][CheckNewFile][Start][]
20/10/2015 12:19:13[NORMAL ][TSE11-NB][clsImportFile][CheckNewFile][End][]
20/10/2015 12:19:15[NORMAL ][TSE11-NB][clsImportFile][CheckNewFile][Start][]
20/10/2015 12:19:15[NORMAL ][TSE11-NB][clsImportFile][CheckNewFile][End][]
20/10/2015 12:19:17[NORMAL ][TSE11-NB][clsImportFile][CheckNewFile][Start][]
20/10/2015 12:19:17[NORMAL ][TSE11-NB][clsImportFile][CheckNewFile][End][]
20/10/2015 12:19:19[NORMAL ][TSE11-NB][clsImportFile][CheckNewFile][Start][]
20/10/2015 12:19:19[NORMAL ][TSE11-NB][clsImportFile][CheckNewFile][End][]
20/10/2015 12:19:21[NORMAL ][TSE11-NB][clsImportFile][CheckNewFile][Start][]
20/10/2015 12:19:21[NORMAL ][TSE11-NB][clsImportFile][CheckNewFile][End][]
20/10/2015 12:19:23[NORMAL ][TSE11-NB][clsImportFile][CheckNewFile][Start][]
20/10/2015 12:19:23[NORMAL ][TSE11-NB][clsImportFile][CheckNewFile][End][]
20/10/2015 12:19:25[NORMAL ][TSE11-NB][clsImportFile][CheckNewFile][Start][]
20/10/2015 12:19:25[NORMAL ][TSE11-NB][clsImportFile][CheckNewFile][End][]
20/10/2015 12:19:27[NORMAL ][TSE11-NB][clsImportFile][CheckNewFile][Start][]
20/10/2015 12:19:27[NORMAL ][TSE11-NB][clsImportFile][CheckNewFile][End][]
20/10/2015 12:19:29[NORMAL ][TSE11-NB][clsImportFile][CheckNewFile][Start][]
20/10/2015 12:19:29[NORMAL ][TSE11-NB][clsImportFile][CheckNewFile][End][]
20/10/2015 12:19:31[NORMAL ][TSE11-NB][clsImportFile][CheckNewFile][Start][]
20/10/2015 12:19:31[NORMAL ][TSE11-NB][clsImportFile][CheckNewFile][End][]
20/10/2015 12:19:33[NORMAL ][TSE11-NB][clsImportFile][CheckNewFile][Start][]
20/10/2015 12:19:33[NORMAL ][TSE11-NB][clsImportFile][CheckNewFile][End][]
20/10/2015 12:19:35[NORMAL ][TSE11-NB][clsImportFile][CheckNewFile][Start][]
20/10/2015 12:19:35[NORMAL ][TSE11-NB][clsImportFile][CheckNewFile][End][]
20/10/2015 12:19:37[NORMAL ][TSE11-NB][clsImportFile][CheckNewFile][Start][]
20/10/2015 12:19:37[NORMAL ][TSE11-NB][clsImportFile][CheckNewFile][End][]
20/10/2015 12:19:39[NORMAL ][TSE11-NB][clsImportFile][CheckNewFile][Start][]
20/10/2015 12:19:39[NORMAL ][TSE11-NB][clsImportFile][CheckNewFile][End][]
20/10/2015 12:19:41[NORMAL ][TSE11-NB][clsImportFile][CheckNewFile][Start][]
20/10/2015 12:19:42[NORMAL ][TSE11-NB][clsImportFile][CheckNewFile][End][]
20/10/2015 12:19:44[NORMAL ][TSE11-NB][clsImportFile][CheckNewFile][Start][]
20/10/2015 12:19:44[NORMAL ][TSE11-NB][clsImportFile][CheckNewFile][End][]
20/10/2015 12:19:46[NORMAL ][TSE11-NB][clsImportFile][CheckNewFile][Start][]
20/10/2015 12:19:46[NORMAL ][TSE11-NB][clsImportFile][CheckNewFile][End][]
20/10/2015 12:19:48[NORMAL ][TSE11-NB][clsImportFile][CheckNewFile][Start][]
20/10/2015 12:19:48[NORMAL ][TSE11-NB][clsImportFile][CheckNewFile][End][]
20/10/2015 12:19:50[NORMAL ][TSE11-NB][clsImportFile][CheckNewFile][Start][]
20/10/2015 12:19:50[NORMAL ][TSE11-NB][clsImportFile][CheckNewFile][End][]
20/10/2015 12:19:52[NORMAL ][TSE11-NB][clsImportFile][CheckNewFile][Start][]
20/10/2015 12:19:52[NORMAL ][TSE11-NB][clsImportFile][CheckNewFile][End][]
20/10/2015 12:19:54[NORMAL ][TSE11-NB][clsImportFile][CheckNewFile][Start][]
20/10/2015 12:19:54[NORMAL ][TSE11-NB][clsImportFile][CheckNewFile][End][]
20/10/2015 12:19:56[NORMAL ][TSE11-NB][clsImportFile][CheckNewFile][Start][]
20/10/2015 12:19:56[NORMAL ][TSE11-NB][clsImportFile][CheckNewFile][End][]
20/10/2015 12:19:58[NORMAL ][TSE11-NB][clsImportFile][CheckNewFile][Start][]
20/10/2015 12:19:58[NORMAL ][TSE11-NB][clsImportFile][CheckNewFile][End][]
20/10/2015 12:20:00[NORMAL ][TSE11-NB][clsImportFile][CheckNewFile][Start][]
20/10/2015 12:20:00[NORMAL ][TSE11-NB][clsImportFile][CheckNewFile][End][]
20/10/2015 12:20:02[NORMAL ][TSE11-NB][clsImportFile][CheckNewFile][Start][]
20/10/2015 12:20:02[NORMAL ][TSE11-NB][clsImportFile][CheckNewFile][End][]
20/10/2015 12:20:04[NORMAL ][TSE11-NB][clsImportFile][CheckNewFile][Start][]
20/10/2015 12:20:04[NORMAL ][TSE11-NB][clsImportFile][CheckNewFile][End][]
20/10/2015 12:20:06[NORMAL ][TSE11-NB][clsImportFile][CheckNewFile][Start][]
20/10/2015 12:20:06[NORMAL ][TSE11-NB][clsImportFile][CheckNewFile][End][]
20/10/2015 12:20:08[NORMAL ][TSE11-NB][clsImportFile][CheckNewFile][Start][]
20/10/2015 12:20:08[NORMAL ][TSE11-NB][clsImportFile][CheckNewFile][End][]
20/10/2015 12:20:10[NORMAL ][TSE11-NB][clsImportFile][CheckNewFile][Start][]
20/10/2015 12:20:10[NORMAL ][TSE11-NB][clsImportFile][CheckNewFile][End][]
20/10/2015 12:20:12[NORMAL ][TSE11-NB][clsImportFile][CheckNewFile][Start][]
20/10/2015 12:20:12[NORMAL ][TSE11-NB][clsImportFile][CheckNewFile][End][]
20/10/2015 12:20:14[NORMAL ][TSE11-NB][clsImportFile][CheckNewFile][Start][]
20/10/2015 12:20:14[NORMAL ][TSE11-NB][clsImportFile][CheckNewFile][End][]
20/10/2015 12:20:16[NORMAL ][TSE11-NB][clsImportFile][CheckNewFile][Start][]
20/10/2015 12:20:16[NORMAL ][TSE11-NB][clsImportFile][CheckNewFile][End][]
20/10/2015 12:20:18[NORMAL ][TSE11-NB][clsImportFile][CheckNewFile][Start][]
20/10/2015 12:20:18[NORMAL ][TSE11-NB][clsImportFile][CheckNewFile][End][]
20/10/2015 12:20:20[NORMAL ][TSE11-NB][clsImportFile][CheckNewFile][Start][]
20/10/2015 12:20:20[NORMAL ][TSE11-NB][clsImportFile][CheckNewFile][End][]
20/10/2015 12:20:22[NORMAL ][TSE11-NB][clsImportFile][CheckNewFile][Start][]
20/10/2015 12:20:22[NORMAL ][TSE11-NB][clsImportFile][CheckNewFile][End][]
20/10/2015 12:20:24[NORMAL ][TSE11-NB][clsImportFile][CheckNewFile][Start][]
20/10/2015 12:20:24[NORMAL ][TSE11-NB][clsImportFile][CheckNewFile][End][]
20/10/2015 12:20:26[NORMAL ][TSE11-NB][clsImportFile][CheckNewFile][Start][]
20/10/2015 12:20:26[NORMAL ][TSE11-NB][clsImportFile][CheckNewFile][End][]
20/10/2015 12:20:28[NORMAL ][TSE11-NB][clsImportFile][CheckNewFile][Start][]
20/10/2015 12:20:28[NORMAL ][TSE11-NB][clsImportFile][CheckNewFile][End][]
20/10/2015 12:20:30[NORMAL ][TSE11-NB][clsImportFile][CheckNewFile][Start][]
20/10/2015 12:20:30[NORMAL ][TSE11-NB][clsImportFile][CheckNewFile][End][]
20/10/2015 12:20:32[NORMAL ][TSE11-NB][clsImportFile][CheckNewFile][Start][]
20/10/2015 12:20:32[NORMAL ][TSE11-NB][clsImportFile][CheckNewFile][End][]
20/10/2015 12:20:34[NORMAL ][TSE11-NB][clsImportFile][CheckNewFile][Start][]
20/10/2015 12:20:34[NORMAL ][TSE11-NB][clsImportFile][CheckNewFile][End][]
20/10/2015 12:20:36[NORMAL ][TSE11-NB][clsImportFile][CheckNewFile][Start][]
20/10/2015 12:20:36[NORMAL ][TSE11-NB][clsImportFile][CheckNewFile][End][]
20/10/2015 12:20:38[NORMAL ][TSE11-NB][clsImportFile][CheckNewFile][Start][]
20/10/2015 12:20:38[NORMAL ][TSE11-NB][clsImportFile][CheckNewFile][End][]
20/10/2015 12:20:40[NORMAL ][TSE11-NB][clsImportFile][CheckNewFile][Start][]
20/10/2015 12:20:40[NORMAL ][TSE11-NB][clsImportFile][CheckNewFile][End][]
20/10/2015 12:20:42[NORMAL ][TSE11-NB][clsImportFile][CheckNewFile][Start][]
20/10/2015 12:20:42[NORMAL ][TSE11-NB][clsImportFile][CheckNewFile][End][]
20/10/2015 12:20:44[NORMAL ][TSE11-NB][clsImportFile][CheckNewFile][Start][]
20/10/2015 12:20:44[NORMAL ][TSE11-NB][clsImportFile][CheckNewFile][End][]
20/10/2015 12:20:46[NORMAL ][TSE11-NB][clsImportFile][CheckNewFile][Start][]
20/10/2015 12:20:46[NORMAL ][TSE11-NB][clsImportFile][CheckNewFile][End][]
20/10/2015 12:20:48[NORMAL ][TSE11-NB][clsImportFile][CheckNewFile][Start][]
20/10/2015 12:20:48[NORMAL ][TSE11-NB][clsImportFile][CheckNewFile][End][]
20/10/2015 12:20:50[NORMAL ][TSE11-NB][clsImportFile][CheckNewFile][Start][]
20/10/2015 12:20:50[NORMAL ][TSE11-NB][clsImportFile][CheckNewFile][End][]
20/10/2015 12:20:52[NORMAL ][TSE11-NB][clsImportFile][CheckNewFile][Start][]
20/10/2015 12:20:52[NORMAL ][TSE11-NB][clsImportFile][CheckNewFile][End][]
20/10/2015 12:20:54[NORMAL ][TSE11-NB][clsImportFile][CheckNewFile][Start][]
20/10/2015 12:20:54[NORMAL ][TSE11-NB][clsImportFile][CheckNewFile][End][]
20/10/2015 12:20:56[NORMAL ][TSE11-NB][clsImportFile][CheckNewFile][Start][]
20/10/2015 12:20:56[NORMAL ][TSE11-NB][clsImportFile][CheckNewFile][End][]
20/10/2015 12:20:58[NORMAL ][TSE11-NB][clsImportFile][CheckNewFile][Start][]
20/10/2015 12:20:58[NORMAL ][TSE11-NB][clsImportFile][CheckNewFile][End][]
20/10/2015 12:21:00[NORMAL ][TSE11-NB][clsImportFile][CheckNewFile][Start][]
20/10/2015 12:21:00[NORMAL ][TSE11-NB][clsImportFile][CheckNewFile][End][]
20/10/2015 12:21:02[NORMAL ][TSE11-NB][clsImportFile][CheckNewFile][Start][]
20/10/2015 12:21:02[NORMAL ][TSE11-NB][clsImportFile][CheckNewFile][End][]
20/10/2015 12:21:04[NORMAL ][TSE11-NB][clsImportFile][CheckNewFile][Start][]
20/10/2015 12:21:04[NORMAL ][TSE11-NB][clsImportFile][CheckNewFile][End][]
20/10/2015 12:21:06[NORMAL ][TSE11-NB][clsImportFile][CheckNewFile][Start][]
20/10/2015 12:21:06[NORMAL ][TSE11-NB][clsImportFile][CheckNewFile][End][]
20/10/2015 12:21:08[NORMAL ][TSE11-NB][clsImportFile][CheckNewFile][Start][]
20/10/2015 12:21:08[NORMAL ][TSE11-NB][clsImportFile][CheckNewFile][End][]
20/10/2015 12:21:10[NORMAL ][TSE11-NB][clsImportFile][CheckNewFile][Start][]
20/10/2015 12:21:10[NORMAL ][TSE11-NB][clsImportFile][CheckNewFile][End][]
20/10/2015 12:21:12[NORMAL ][TSE11-NB][clsImportFile][CheckNewFile][Start][]
20/10/2015 12:21:12[NORMAL ][TSE11-NB][clsImportFile][CheckNewFile][End][]
20/10/2015 12:21:14[NORMAL ][TSE11-NB][clsImportFile][CheckNewFile][Start][]
20/10/2015 12:21:14[NORMAL ][TSE11-NB][clsImportFile][CheckNewFile][End][]
20/10/2015 12:21:16[NORMAL ][TSE11-NB][clsImportFile][CheckNewFile][Start][]
20/10/2015 12:21:16[NORMAL ][TSE11-NB][clsImportFile][CheckNewFile][End][]
20/10/2015 12:21:18[NORMAL ][TSE11-NB][clsImportFile][CheckNewFile][Start][]
20/10/2015 12:21:18[NORMAL ][TSE11-NB][clsImportFile][CheckNewFile][End][]
20/10/2015 12:21:20[NORMAL ][TSE11-NB][clsImportFile][CheckNewFile][Start][]
20/10/2015 12:21:20[NORMAL ][TSE11-NB][clsImportFile][CheckNewFile][End][]
20/10/2015 12:21:22[NORMAL ][TSE11-NB][clsImportFile][CheckNewFile][Start][]
20/10/2015 12:21:22[NORMAL ][TSE11-NB][clsImportFile][CheckNewFile][End][]
20/10/2015 12:21:24[NORMAL ][TSE11-NB][clsImportFile][CheckNewFile][Start][]
20/10/2015 12:21:24[NORMAL ][TSE11-NB][clsImportFile][CheckNewFile][End][]
20/10/2015 12:21:26[NORMAL ][TSE11-NB][clsImportFile][CheckNewFile][Start][]
20/10/2015 12:21:26[NORMAL ][TSE11-NB][clsImportFile][CheckNewFile][End][]
20/10/2015 12:21:28[NORMAL ][TSE11-NB][clsImportFile][CheckNewFile][Start][]
20/10/2015 12:21:28[NORMAL ][TSE11-NB][clsImportFile][CheckNewFile][End][]
20/10/2015 12:21:30[NORMAL ][TSE11-NB][clsImportFile][CheckNewFile][Start][]
20/10/2015 12:21:30[NORMAL ][TSE11-NB][clsImportFile][CheckNewFile][End][]
20/10/2015 12:21:32[NORMAL ][TSE11-NB][clsImportFile][CheckNewFile][Start][]
20/10/2015 12:21:32[NORMAL ][TSE11-NB][clsImportFile][CheckNewFile][End][]
20/10/2015 12:21:34[NORMAL ][TSE11-NB][clsImportFile][CheckNewFile][Start][]
20/10/2015 12:21:34[NORMAL ][TSE11-NB][clsImportFile][CheckNewFile][End][]
20/10/2015 12:21:36[NORMAL ][TSE11-NB][clsImportFile][CheckNewFile][Start][]
20/10/2015 12:21:36[NORMAL ][TSE11-NB][clsImportFile][CheckNewFile][End][]
20/10/2015 12:21:38[NORMAL ][TSE11-NB][clsImportFile][CheckNewFile][Start][]
20/10/2015 12:21:38[NORMAL ][TSE11-NB][clsImportFile][CheckNewFile][End][]
20/10/2015 12:21:40[NORMAL ][TSE11-NB][clsImportFile][CheckNewFile][Start][]
20/10/2015 12:21:40[NORMAL ][TSE11-NB][clsImportFile][CheckNewFile][End][]
20/10/2015 12:21:42[NORMAL ][TSE11-NB][clsImportFile][CheckNewFile][Start][]
20/10/2015 12:21:42[NORMAL ][TSE11-NB][clsImportFile][CheckNewFile][End][]
20/10/2015 12:21:44[NORMAL ][TSE11-NB][clsImportFile][CheckNewFile][Start][]
20/10/2015 12:21:44[NORMAL ][TSE11-NB][clsImportFile][CheckNewFile][End][]
20/10/2015 12:21:46[NORMAL ][TSE11-NB][clsImportFile][CheckNewFile][Start][]
20/10/2015 12:21:46[NORMAL ][TSE11-NB][clsImportFile][CheckNewFile][End][]
20/10/2015 12:21:48[NORMAL ][TSE11-NB][clsImportFile][CheckNewFile][Start][]
20/10/2015 12:21:48[NORMAL ][TSE11-NB][clsImportFile][CheckNewFile][End][]
20/10/2015 12:21:50[NORMAL ][TSE11-NB][clsImportFile][CheckNewFile][Start][]
20/10/2015 12:21:50[NORMAL ][TSE11-NB][clsImportFile][CheckNewFile][End][]
20/10/2015 12:21:52[NORMAL ][TSE11-NB][clsImportFile][CheckNewFile][Start][]
20/10/2015 12:21:52[NORMAL ][TSE11-NB][clsImportFile][CheckNewFile][End][]
20/10/2015 16:51:15 ***** System Start ***
20/10/2015 16:51:15[NORMAL ][TSE11-NB][MyApplication][StartUp][LoadINI][]
20/10/2015 16:51:15[NORMAL ][TSE11-NB][MyApplication][StartUp][LoadLogMaster][]
20/10/2015 16:51:15[NORMAL ][TSE11-NB][MyApplication][StartUp][LoadProcessMaster][]
20/10/2015 16:51:33[NORMAL ][TSE11-NB][clsImportFile][CheckNewFile][Start][]
20/10/2015 16:51:33[NORMAL ][TSE11-NB][clsImportFile][CheckNewFile][End][]
20/10/2015 16:51:35[NORMAL ][TSE11-NB][clsImportFile][CheckNewFile][Start][]
20/10/2015 16:51:35[NORMAL ][TSE11-NB][clsImportFile][CheckNewFile][End][]
20/10/2015 16:51:37[NORMAL ][TSE11-NB][clsImportFile][CheckNewFile][Start][]
20/10/2015 16:51:37[NORMAL ][TSE11-NB][clsImportFile][CheckNewFile][End][]
20/10/2015 16:51:39[NORMAL ][TSE11-NB][clsImportFile][CheckNewFile][Start][]
20/10/2015 16:51:39[NORMAL ][TSE11-NB][clsImportFile][CheckNewFile][End][]
20/10/2015 16:51:41[NORMAL ][TSE11-NB][clsImportFile][CheckNewFile][Start][]
20/10/2015 16:51:41[NORMAL ][TSE11-NB][clsImportFile][CheckNewFile][End][]
20/10/2015 16:51:43[NORMAL ][TSE11-NB][clsImportFile][CheckNewFile][Start][]
20/10/2015 16:51:43[NORMAL ][TSE11-NB][clsImportFile][CheckNewFile][End][]
20/10/2015 16:51:45[NORMAL ][TSE11-NB][clsImportFile][CheckNewFile][Start][]
20/10/2015 16:51:45[NORMAL ][TSE11-NB][clsImportFile][CheckNewFile][End][]
20/10/2015 16:51:47[NORMAL ][TSE11-NB][clsImportFile][CheckNewFile][Start][]
20/10/2015 16:51:47[NORMAL ][TSE11-NB][clsImportFile][CheckNewFile][End][]
20/10/2015 16:51:49[NORMAL ][TSE11-NB][clsImportFile][CheckNewFile][Start][]
20/10/2015 16:51:49[NORMAL ][TSE11-NB][clsImportFile][CheckNewFile][End][]
20/10/2015 16:51:51[NORMAL ][TSE11-NB][clsImportFile][CheckNewFile][Start][]
20/10/2015 16:51:51[NORMAL ][TSE11-NB][clsImportFile][CheckNewFile][End][]
20/10/2015 16:51:53[NORMAL ][TSE11-NB][clsImportFile][CheckNewFile][Start][]
20/10/2015 16:51:53[NORMAL ][TSE11-NB][clsImportFile][CheckNewFile][End][]
20/10/2015 16:51:55[NORMAL ][TSE11-NB][clsImportFile][CheckNewFile][Start][]
20/10/2015 16:51:55[NORMAL ][TSE11-NB][clsImportFile][CheckNewFile][End][]
20/10/2015 16:51:57[NORMAL ][TSE11-NB][clsImportFile][CheckNewFile][Start][]
20/10/2015 16:51:57[NORMAL ][TSE11-NB][clsImportFile][CheckNewFile][End][]
20/10/2015 16:51:59[NORMAL ][TSE11-NB][clsImportFile][CheckNewFile][Start][]
20/10/2015 16:51:59[NORMAL ][TSE11-NB][clsImportFile][CheckNewFile][End][]
20/10/2015 16:52:01[NORMAL ][TSE11-NB][clsImportFile][CheckNewFile][Start][]
20/10/2015 16:52:01[NORMAL ][TSE11-NB][clsImportFile][CheckNewFile][End][]
20/10/2015 16:52:03[NORMAL ][TSE11-NB][clsImportFile][CheckNewFile][Start][]
20/10/2015 16:52:03[NORMAL ][TSE11-NB][clsImportFile][CheckNewFile][End][]
20/10/2015 16:52:05[NORMAL ][TSE11-NB][clsImportFile][CheckNewFile][Start][]
20/10/2015 16:52:05[NORMAL ][TSE11-NB][clsImportFile][CheckNewFile][End][]
20/10/2015 16:52:07[NORMAL ][TSE11-NB][clsImportFile][CheckNewFile][Start][]
20/10/2015 16:52:07[NORMAL ][TSE11-NB][clsImportFile][CheckNewFile][End][]
20/10/2015 16:52:09[NORMAL ][TSE11-NB][clsImportFile][CheckNewFile][Start][]
20/10/2015 16:52:09[NORMAL ][TSE11-NB][clsImportFile][CheckNewFile][End][]
